12-02 00:39:39 [FINE] NBTEdit Initalized
12-02 00:39:43 [FINE] Server Starting -- Added "/nbtedit" command
12-02 00:42:25 [FINE] Sengaxx issued command "/nbtedit"
12-02 00:42:33 [FINE] Sengaxx issued command "/nbtedit 453"
12-02 00:42:43 [FINE] Sengaxx issued command "/nbtedit 453"
12-02 00:43:10 [FINE] Sengaxx issued command "/nbtedit 453"
12-02 00:44:04 [FINE] Sengaxx edited a tag -- Entity ID #453
12-02 00:44:04 [FINE] 
			ROOT: (TagCompound)
			   Invulnerable: 0
			   OnGround: 1
			   Sleeping: 0
			   Air: 300
			   AttackTime: 0
			   DeathTime: 0
			   Fire: -20
			   Health: 1
			   HurtTime: 0
			   SleepTimer: 0
			   Dimension: 0
			   PortalCooldown: 0
			   Score: 47
			   SelectedItemSlot: 4
			   XpLevel: 2
			   XpTotal: 47
			   foodLevel: 4
			   foodTickTimer: 0
			   playerGameType: 0
			   prevTime: 0
			   time: 0
			   untilSunstrike: 0
			   UUIDLeast: -8071663728294653948
			   UUIDMost: -2864248953433541670
			   AbsorptionAmount: 0.0
			   FallDistance: 0.0
			   HealF: 1.0
			   XpP: 0.7647058
			   foodExhaustionLevel: 0.60024464
			   foodSaturationLevel: 0.0
			   Attributes: (TagList)
			      (TagCompound)
			         Base: 20.0
			         Name: generic.maxHealth
			         Modifiers: (TagList)
			            (TagCompound)
			               Operation: 1
			               UUIDLeast: -9154280717722812745
			               UUIDMost: 8140662959737344486
			               Amount: 0.05
			               Name: Speed Boost
			            (TagCompound)
			               Operation: 1
			               UUIDLeast: -4703835602308780425
			               UUIDMost: -6253919273241603610
			               Amount: 0.0
			               Name: Chakra Health Boost
			      (TagCompound)
			         Base: 0.0
			         Name: generic.knockbackResistance
			      (TagCompound)
			         Base: 0.10000000149011612
			         Name: generic.movementSpeed
			      (TagCompound)
			         Base: 1.0
			         Name: generic.attackDamage
			   EnderItems: (TagList)
			   Inventory: (TagList)
			      (TagCompound)
			         Count: 2
			         Slot: 0
			         Damage: 0
			         id: 289
			      (TagCompound)
			         Count: 2
			         Slot: 1
			         Damage: 0
			         id: 367
			      (TagCompound)
			         Count: 7
			         Slot: 2
			         Damage: 0
			         id: 3
			      (TagCompound)
			         Count: 1
			         Slot: 3
			         Damage: 0
			         id: 17
			   Motion: (TagList)
			      0.0
			      -0.0784000015258789
			      0.0
			   Pos: (TagList)
			      -144.77882514645998
			      68.0
			      178.8393190322797
			   Rotation: (TagList)
			      -143.84477
			      11.0703945
			   Spawns: (TagList)
			   ChakraPlayer: (TagCompound)
			      BijuuFormActive: 0
			      BijuuTransformed: 0
			      ByakuganActive: 0
			      ChakraControl: 0
			      CurseSealActive: 0
			      CurseSealTransformed: 0
			      DrunkenFist: 0
			      GotBook: 0
			      IsTransformed: 0
			      JouganActive: 0
			      KarmaSealActive: 0
			      KetsuryuganActive: 0
			      LavaChakraMode: 0
			      SageActive: 0
			      SageMode: 0
			      SharinganActive: 0
			      SixPaths: 0
			      SixPathsMode: 0
			      SixPathsSage: 0
			      SixPathsShield: 0
			      SixPathsState: 0
			      SusanoA: 0
			      SusanoTransformed: 0
			      TaijutsuMode: 1
			      TrackAll: 0
			      got1500Present: 1
			      got5000Present: 1
			      AQuests: 0
			      Affiliation: 0
			      BQuests: 0
			      BijuuCurseSealModel: 1
			      BijuuCurseSealTexture: 0
			      BijuuKind: 0
			      BijuuModel: 1
			      BijuuScale: 0
			      BijuuTexture: 0
			      BijuuTransformModel: 1
			      BijuuTransformTexture: 0
			      ByakuganSize: 0
			      Byakugou: 0
			      CQuests: 0
			      ChakraExperience: 104
			      Clan: 0
			      CurrentMana: 25
			      CurrentSenjutsu: 0
			      CurseSeal: 0
			      CurseSize: 0
			      DQuests: 0
			      DeathPossession: 0
			      EarthRelease: 0
			      EightGatesStage: 0
			      FireRelease: 0
			      Genjutsu: 0
			      Iburi: 0
			      Intelligence: 0
			      Izanagi: 0
			      Jinchuriki: 0
			      Jougan: 0
			      JutsuPoints: 3841
			      KarmaSealSize: 0
			      KarmaSealType: 0
			      KenjutsuSkills: 0
			      Ketsuryugan: 0
			      Kinjutsu: 0
			      Kurama: 0
			      Land: 0
			      Level: 892
			      LightningRelease: 0
			      ManaRegenTimer: 0
			      MaxMana: 25
			      MaxSenjutsu: 0
			      Ninjutsu: 25
			      Rank: 0
			      SQuests: 0
			      SSQuests: 0
			      SageVersion: 0
			      Senjutsu: 0
			      SenjutsuRegenTimer: 0
			      Sharingan: 0
			      Shurikenjutsu: 0
			      SixPathsOrbs: 0
			      SkillPoints: 3841
			      Storyline: 0
			      Summoning: 0
			      SusanoActive: 0
			      SusanoSize: 0
			      WaterRelease: 0
			      WindRelease: 0
			      boilRelease: 0
			      byakugan: 0
			      crystalRelease: 0
			      dustRelease: 0
			      explosionRelease: 0
			      health: 0
			      iceRelease: 0
			      lavaRelease: 0
			      magnetRelease: 0
			      mangekyouSharingan: 0
			      rinnegan: 0
			      scorchRelease: 0
			      sharinganicon: 0
			      shikotsumyaku: 0
			      steelRelease: 0
			      stormRelease: 0
			      tenseigan: 0
			      woodRelease: 0
			      yangrelease: 0
			      yinrelease: 0
			      yinyangrelease: 0
			      BijuuUnlock: 0.1
			      Kenjutsu: 1.0E8
			      SharinganSize: 0.0
			      SharinganUnlock: 0.1
			      Size: 0.0
			      Speed: 0.1
			      Taijutsu: 1.0
			   ForgeData: (TagCompound)
			      HavenCoreHandler: (TagCompound)
			         DNSCreate: 0
			         DNSEvent: 0
			         DNSPhase1: 0
			         DNSPhase2: 0
			         DNSPhase3: 0
			         DNSPhase4: 0
			         Player: Sengaxx
			         PlayerID: d84024c0-964f-33da-8ffb-b09ac8979004
			         PlayerIP: 0
			      LimbStatus: (TagCompound)
			         leftArm: 1
			         leftLeg: 0
			         rightArm: 1
			         rightLeg: 1
			      PlayerPersisted: (TagCompound)
			         HavenCoreDebugDefense: 0
			         HavenCoreFormVisibility: 1
			         HavenCoreState2: -1
			         HavenCoreTrueForm: 0
			         KiCharge: 0
			         guiRefresh: 0
			         isDivine: 0
			         isLegend: 0
			         jrmcAccept: 1
			         jrmcAlign: 67
			         jrmcClass: 0
			         jrmcPwrtyp: 1
			         jrmcRace: 1
			         jrmcRelease: 50
			         jrmcState: 0
			         DBCSenzu: 0
			         HavenCoreFormTP: 0
			         HavenCorePUCD: 0
			         HavenCorePUCounter: 0
			         HavenCoreTPGemCD: 0
			         HavenCoreTPGemCounter: 0
			         JDEPBSt: 0
			         Jdam5SecTmr: 18
			         JdamBaseAura: 0
			         JdamBaseCon: 10
			         JdamBaseDex: 10
			         JdamBaseEnergy: 200
			         JdamBaseMnd: 5
			         JdamBaseStr: 15
			         JdamBaseWil: 15
			         JdeTPBank: 0
			         ZenTmr: -1
			         jrmcAlCntr: 363
			         jrmcArcRsrv: 0
			         jrmcAttackLstPlyrTm: 1733100106
			         jrmcAttackTimer: 1733100215
			         jrmcAuraColor: 0
			         jrmcBdy: 123
			         jrmcCncI: 5
			         jrmcCnsI: 10
			         jrmcDexI: 10
			         jrmcEnrgy: 200
			         jrmcIntI: 5
			         jrmcLastDamageDealt: 25
			         jrmcLastDamageReceived: 1
			         jrmcSsnoc: 888040
			         jrmcStamina: 31
			         jrmcStrI: 15
			         jrmcTPlimit: 0
			         jrmcTPlimit2: 0
			         jrmcTpint: 36
			         jrmcUIWasInPainDuration: 0
			         jrmcWilI: 15
			         JRYCAge: 0.0
			         jrmcGravForce: 0.0
			         HavenCoreFormEffs: 
			         HavenCoreFormSSltX: TR0
			         HavenCoreSkls: 
			         HavenCoreStatusEffs: 
			         JdamBaseHairColor: 0100c0000000410016nKR0rgre00000000000000000000100001
			         JdamBaseHairShape: 025050545050210250505450501801505045505021025050475050180147507467503248505072675043255250726750360150505667501922475071675038255050716750380152507167503202475071675032025250716750300050507167503000505047655036205250276550362250502765503620475027655036225250306550363150503065503622475030655034015250276550250147502765503000505027655036175050505050803150505050508028505050505080225050505050801750505050508022505050505080255050505050801750505050508000505050505080005050505050800050505050508000505050505080005050505050800050505050508000505050505080005050505050803154508067504931545080615028285450766150472854506561506551525080675038655250806150786052507861503451525069615050625050806950528250508061503485505078615030625050696150585149508069506157495080615080624950786150805149506961504920
			         availForm: none
			         baseDNS: 0100c0000000410016nKR0rgre00000000000000000000100001
			         jrmcAttackLstPlyrNam: 66cc7c7c-7eae-335a-93f4-30bb6e36d49c
			         jrmcDNS: 0100c0000000410016nKR0rgre00000000000000000000100001
			         jrmcDNSH: 025050545050210250505450501801505045505021025050475050180147507467503248505072675043255250726750360150505667501922475071675038255050716750380152507167503202475071675032025250716750300050507167503000505047655036205250276550362250502765503620475027655036225250306550363150503065503622475030655034015250276550250147502765503000505027655036175050505050803150505050508028505050505080225050505050801750505050508022505050505080255050505050801750505050508000505050505080005050505050800050505050508000505050505080005050505050800050505050508000505050505080005050505050803154508067504931545080615028285450766150472854506561506551525080675038655250806150786052507861503451525069615050625050806950528250508061503485505078615030625050696150585149508069506157495080615080624950786150805149506961504920
			         jrmcFormMasteryNonRacial: Kaioken,0;Mystic,0;UltraInstict,0;GodOfDestruction,0
			         jrmcFormMasteryRacial_Saiyan: Base,1.384126394203927;SS,0;SSG2,0;SSG3,0;SSFullPow,0;SS2,0;SS3,0;Oozaru,0;Golden,0;SSGod,0;SSB,0;SSGodR,0;LSS,0;LSS2,0;SS4,0;SSBE,0
			         jrmcFuzion:  
			         jrmcInstantTransmissionTimers: 0;0
			         jrmcLastAttacker: Genin;1733100185
			         jrmcMajinAbsorptionData: 0,0,0+0
			         jrmcSSltX: TR0
			         jrmcSSltY: Sai
			         jrmcSSltZ: pty
			         jrmcSSlts: ,
			         jrmcSettings:  
			         jrmcStatusEff:  
			         jrmcTech1:  
			         jrmcTech2:  
			         jrmcTech3:  
			         jrmcTech4:  
			         playerBoost: 0
			         tpgbfokt: done
			   HavenCoreHandler: (TagCompound)
			      DNSCreate: 0
			      DNSEvent: 0
			      DNSPhase1: 0
			      DNSPhase2: 0
			      DNSPhase3: 0
			      DNSPhase4: 0
			      Form: 0
			      PlayerID: d84024c0-964f-33da-8ffb-b09ac8979004
			      PlayerIP: 0
			      PlayerName: Sengaxx
			      DNSTransfer: (TagCompound)
			         HavenCoreDebugDefense: 0
			         HavenCoreFormVisibility: 1
			         HavenCoreState2: -1
			         HavenCoreTrueForm: 0
			         KiCharge: 0
			         guiRefresh: 0
			         isDivine: 0
			         isLegend: 0
			         jrmcAccept: 1
			         jrmcAlign: 67
			         jrmcClass: 0
			         jrmcPwrtyp: 1
			         jrmcRace: 1
			         jrmcRelease: 50
			         jrmcState: 0
			         DBCSenzu: 0
			         HavenCoreFormTP: 0
			         HavenCorePUCD: 0
			         HavenCorePUCounter: 0
			         HavenCoreTPGemCD: 0
			         HavenCoreTPGemCounter: 0
			         JDEPBSt: 0
			         Jdam5SecTmr: 18
			         JdamBaseAura: 0
			         JdamBaseCon: 10
			         JdamBaseDex: 10
			         JdamBaseEnergy: 200
			         JdamBaseMnd: 5
			         JdamBaseStr: 15
			         JdamBaseWil: 15
			         JdeTPBank: 0
			         ZenTmr: -1
			         jrmcAlCntr: 363
			         jrmcArcRsrv: 0
			         jrmcAttackLstPlyrTm: 1733100106
			         jrmcAttackTimer: 1733100215
			         jrmcAuraColor: 0
			         jrmcBdy: 123
			         jrmcCncI: 5
			         jrmcCnsI: 10
			         jrmcDexI: 10
			         jrmcEnrgy: 200
			         jrmcIntI: 5
			         jrmcLastDamageDealt: 25
			         jrmcLastDamageReceived: 1
			         jrmcSsnoc: 888040
			         jrmcStamina: 31
			         jrmcStrI: 15
			         jrmcTPlimit: 0
			         jrmcTPlimit2: 0
			         jrmcTpint: 36
			         jrmcUIWasInPainDuration: 0
			         jrmcWilI: 15
			         JRYCAge: 0.0
			         jrmcGravForce: 0.0
			         HavenCoreFormEffs: 
			         HavenCoreFormSSltX: TR0
			         HavenCoreSkls: 
			         HavenCoreStatusEffs: 
			         JdamBaseHairColor: 0100c0000000410016nKR0rgre00000000000000000000100001
			         JdamBaseHairShape: 025050545050210250505450501801505045505021025050475050180147507467503248505072675043255250726750360150505667501922475071675038255050716750380152507167503202475071675032025250716750300050507167503000505047655036205250276550362250502765503620475027655036225250306550363150503065503622475030655034015250276550250147502765503000505027655036175050505050803150505050508028505050505080225050505050801750505050508022505050505080255050505050801750505050508000505050505080005050505050800050505050508000505050505080005050505050800050505050508000505050505080005050505050803154508067504931545080615028285450766150472854506561506551525080675038655250806150786052507861503451525069615050625050806950528250508061503485505078615030625050696150585149508069506157495080615080624950786150805149506961504920
			         availForm: none
			         baseDNS: 0100c0000000410016nKR0rgre00000000000000000000100001
			         jrmcAttackLstPlyrNam: 66cc7c7c-7eae-335a-93f4-30bb6e36d49c
			         jrmcDNS: 0100c0000000410016nKR0rgre00000000000000000000100001
			         jrmcDNSH: 025050545050210250505450501801505045505021025050475050180147507467503248505072675043255250726750360150505667501922475071675038255050716750380152507167503202475071675032025250716750300050507167503000505047655036205250276550362250502765503620475027655036225250306550363150503065503622475030655034015250276550250147502765503000505027655036175050505050803150505050508028505050505080225050505050801750505050508022505050505080255050505050801750505050508000505050505080005050505050800050505050508000505050505080005050505050800050505050508000505050505080005050505050803154508067504931545080615028285450766150472854506561506551525080675038655250806150786052507861503451525069615050625050806950528250508061503485505078615030625050696150585149508069506157495080615080624950786150805149506961504920
			         jrmcFormMasteryNonRacial: Kaioken,0;Mystic,0;UltraInstict,0;GodOfDestruction,0
			         jrmcFormMasteryRacial_Saiyan: Base,1.384126394203927;SS,0;SSG2,0;SSG3,0;SSFullPow,0;SS2,0;SS3,0;Oozaru,0;Golden,0;SSGod,0;SSB,0;SSGodR,0;LSS,0;LSS2,0;SS4,0;SSBE,0
			         jrmcFuzion:  
			         jrmcInstantTransmissionTimers: 0;0
			         jrmcLastAttacker: Genin;1733100185
			         jrmcMajinAbsorptionData: 0,0,0+0
			         jrmcSSltX: TR0
			         jrmcSSltY: Sai
			         jrmcSSltZ: pty
			         jrmcSSlts: ,
			         jrmcSettings:  
			         jrmcStatusEff:  
			         jrmcTech1:  
			         jrmcTech2:  
			         jrmcTech3:  
			         jrmcTech4:  
			         playerBoost: 0
			         tpgbfokt: done
			   IEEPShared: (TagCompound)
			      firstTime: 1
			      hasBusoHakiActive: 0
			      hasColaBackpack: 0
			      hasHakiActive: 0
			      hasHeart: 1
			      hasKenHakiActive: 0
			      hasKiloActive: 0
			      hasShadow: 1
			      hasYamiPower: 0
			      isInAirWorld: 0
			      isInCombatMode: 0
			      isLogia: 0
			      Belly: 6
			      BellyCmd: 0
			      Cola: 100
			      Doriki: 14
			      DorikiCmd: 0
			      Extol: 0
			      ExtolCmd: 0
			      Gear: 1
			      HaoExp: 0
			      ItemBusoExp: 4
			      KenExp: 0
			      MaxCola: 100
			      PunchBusoExp: 16
			      UltraCola: 0
			      Bounty: 0
			      BountyCmd: 0
			      DamageMultiplier: 1.0
			      AkumaNoMi: n/a
			      Crew: n/a
			      Faction: n/a
			      FightStyle: n/a
			      Race: n/a
			      ZoanPoint: n/a
			   JRMCEP: (TagCompound)
			      blocking: 0
			      extracode: 0;0;0f;0;0;0;0;0;0;0;0;0;
			      haircode: 025050545050210250505450501801505045505021025050475050180147507467503248505072675043255250726750360150505667501922475071675038255050716750380152507167503202475071675032025250716750300050507167503000505047655036205250276550362250502765503620475027655036225250306550363150503065503622475030655034015250276550250147502765503000505027655036175050505050803150505050508028505050505080225050505050801750505050508022505050505080255050505050801750505050508000505050505080005050505050800050505050508000505050505080005050505050800050505050508000505050505080005050505050803154508067504931545080615028285450766150472854506561506551525080675038655250806150786052507861503451525069615050625050806950528250508061503485505078615030625050696150585149508069506157495080615080624950786150805149506961504920
			      dbcExtraInvTag: (TagList)
			   abilities: (TagCompound)
			      flying: 0
			      instabuild: 0
			      invulnerable: 0
			      mayBuild: 1
			      mayfly: 0
			      flySpeed: 0.05
			      walkSpeed: 0.1
			   completedChallenges: (TagCompound)
			   mineminenomi_AbilityIEEP: (TagCompound)
			   mineminenomi_QuestIEEP: (TagCompound)
			      hasPrimaryActive: 0
			   unlockedChallenges: (TagCompound)
12-02 00:48:41 [FINE] Mexicano69 issued command "/nbtedit"
12-02 00:48:42 [FINE] Mexicano69 issued command "/nbtedit 14730"
12-02 00:49:03 [FINE] Mexicano69 edited a tag -- Entity ID #14730
12-02 00:49:03 [FINE] 
			ROOT: (TagCompound)
			   Invulnerable: 0
			   OnGround: 1
			   Sleeping: 0
			   Air: 300
			   AttackTime: 0
			   DeathTime: 0
			   Fire: -20
			   Health: 21
			   HurtTime: 0
			   SleepTimer: 0
			   Dimension: 0
			   PortalCooldown: 0
			   Score: 108
			   SelectedItemSlot: 6
			   XpLevel: 6
			   XpTotal: 108
			   foodLevel: 17
			   foodTickTimer: 0
			   playerGameType: 0
			   prevTime: 0
			   time: 0
			   untilSunstrike: 0
			   UUIDLeast: -8732868997837493473
			   UUIDMost: 4165285726918164033
			   AbsorptionAmount: 0.0
			   FallDistance: 0.0
			   HealF: 21.0
			   XpP: 0.35294122
			   foodExhaustionLevel: 1.6949073
			   foodSaturationLevel: 0.0
			   Attributes: (TagList)
			      (TagCompound)
			         Base: 20.0
			         Name: generic.maxHealth
			         Modifiers: (TagList)
			            (TagCompound)
			               Operation: 1
			               UUIDLeast: -9154280717722812745
			               UUIDMost: 8140662959737344486
			               Amount: 0.05
			               Name: Speed Boost
			            (TagCompound)
			               Operation: 1
			               UUIDLeast: -4703835602308780425
			               UUIDMost: -6253919273241603610
			               Amount: 0.0
			               Name: Chakra Health Boost
			      (TagCompound)
			         Base: 0.0
			         Name: generic.knockbackResistance
			      (TagCompound)
			         Base: 0.10000000149011612
			         Name: generic.movementSpeed
			      (TagCompound)
			         Base: 1.0
			         Name: generic.attackDamage
			   EnderItems: (TagList)
			   Inventory: (TagList)
			      (TagCompound)
			         Count: 16
			         Slot: 0
			         Damage: 0
			         id: 17
			      (TagCompound)
			         Count: 1
			         Slot: 1
			         Damage: 0
			         id: 58
			      (TagCompound)
			         Count: 1
			         Slot: 2
			         Damage: 0
			         id: 287
			      (TagCompound)
			         Count: 1
			         Slot: 3
			         Damage: 0
			         id: 3
			      (TagCompound)
			         Count: 6
			         Slot: 4
			         Damage: 0
			         id: 367
			      (TagCompound)
			         Count: 1
			         Slot: 7
			         Damage: 0
			         id: 270
			      (TagCompound)
			         Count: 1
			         Slot: 8
			         Damage: 18
			         id: 271
			      (TagCompound)
			         Count: 1
			         Slot: 9
			         Damage: 0
			         id: 5474
			      (TagCompound)
			         Count: 36
			         Slot: 12
			         Damage: 0
			         id: 5
			   Motion: (TagList)
			      0.0
			      -0.0784000015258789
			      0.0
			   Pos: (TagList)
			      -138.87302536952564
			      68.0
			      203.10323717839785
			   Rotation: (TagList)
			      98.42194
			      2.5499983
			   Spawns: (TagList)
			      (TagCompound)
			         SpawnForced: 1
			         Dim: 22
			         SpawnX: 75
			         SpawnY: 92
			         SpawnZ: 127
			   ChakraPlayer: (TagCompound)
			      BijuuFormActive: 0
			      BijuuTransformed: 0
			      ByakuganActive: 0
			      ChakraControl: 0
			      CurseSealActive: 0
			      CurseSealTransformed: 0
			      DrunkenFist: 0
			      GotBook: 0
			      IsTransformed: 0
			      JouganActive: 0
			      KarmaSealActive: 0
			      KetsuryuganActive: 0
			      LavaChakraMode: 0
			      SageActive: 0
			      SageMode: 0
			      SharinganActive: 0
			      SixPaths: 0
			      SixPathsMode: 0
			      SixPathsSage: 0
			      SixPathsShield: 0
			      SixPathsState: 0
			      SusanoA: 0
			      SusanoTransformed: 0
			      TaijutsuMode: 1
			      TrackAll: 0
			      got1500Present: 1
			      got5000Present: 1
			      AQuests: 0
			      Affiliation: 0
			      BQuests: 0
			      BijuuCurseSealModel: 1
			      BijuuCurseSealTexture: 0
			      BijuuKind: 0
			      BijuuModel: 1
			      BijuuScale: 0
			      BijuuTexture: 0
			      BijuuTransformModel: 1
			      BijuuTransformTexture: 0
			      ByakuganSize: 0
			      Byakugou: 0
			      CQuests: 0
			      ChakraExperience: 1
			      Clan: 0
			      CurrentMana: 25
			      CurrentSenjutsu: 0
			      CurseSeal: 0
			      CurseSize: 0
			      DQuests: 0
			      DeathPossession: 0
			      EarthRelease: 0
			      EightGatesStage: 0
			      FireRelease: 0
			      Genjutsu: 0
			      Iburi: 0
			      Intelligence: 0
			      Izanagi: 0
			      Jinchuriki: 0
			      Jougan: 0
			      JutsuPoints: 7
			      KarmaSealSize: 0
			      KarmaSealType: 0
			      KenjutsuSkills: 0
			      Ketsuryugan: 0
			      Kinjutsu: 0
			      Kurama: 0
			      Land: 0
			      Level: 8
			      LightningRelease: 0
			      ManaRegenTimer: 0
			      MaxMana: 25
			      MaxSenjutsu: 0
			      Ninjutsu: 25
			      Rank: 0
			      SQuests: 0
			      SSQuests: 0
			      SageVersion: 0
			      Senjutsu: 0
			      SenjutsuRegenTimer: 0
			      Sharingan: 0
			      Shurikenjutsu: 0
			      SixPathsOrbs: 0
			      SkillPoints: 7
			      Storyline: 0
			      Summoning: 0
			      SusanoActive: 0
			      SusanoSize: 0
			      WaterRelease: 0
			      WindRelease: 0
			      boilRelease: 0
			      byakugan: 0
			      crystalRelease: 0
			      dustRelease: 0
			      explosionRelease: 0
			      health: 0
			      iceRelease: 0
			      lavaRelease: 0
			      magnetRelease: 0
			      mangekyouSharingan: 0
			      rinnegan: 0
			      scorchRelease: 0
			      sharinganicon: 0
			      shikotsumyaku: 0
			      steelRelease: 0
			      stormRelease: 0
			      tenseigan: 0
			      woodRelease: 0
			      yangrelease: 0
			      yinrelease: 0
			      yinyangrelease: 0
			      BijuuUnlock: 0.1
			      Kenjutsu: 1.0E8
			      SharinganSize: 0.0
			      SharinganUnlock: 0.1
			      Size: 0.0
			      Speed: 0.1
			      Taijutsu: 1.0
			   ForgeData: (TagCompound)
			      HavenCoreHandler: (TagCompound)
			         DNSCreate: 0
			         DNSEvent: 0
			         DNSPhase1: 0
			         DNSPhase2: 0
			         DNSPhase3: 0
			         DNSPhase4: 0
			         Player: Mexicano69
			         PlayerID: 39ce114c-ccf6-3e41-86ce-9dea49dfeb1f
			         PlayerIP: 0
			      LimbStatus: (TagCompound)
			         leftArm: 1
			         leftLeg: 1
			         rightArm: 1
			         rightLeg: 0
			      PlayerPersisted: (TagCompound)
			         HavenCoreDebugDefense: 0
			         HavenCoreFormVisibility: 1
			         HavenCoreState2: -1
			         HavenCoreTrueForm: 0
			         KiCharge: 0
			         guiRefresh: 0
			         isDivine: 0
			         isLegend: 0
			         jrmcAccept: 1
			         jrmcAlign: 67
			         jrmcAlv: 0
			         jrmcClass: 0
			         jrmcDiedTimes: 0
			         jrmcDiff: 0
			         jrmcExp: 1
			         jrmcKillCountEvil: 0
			         jrmcKillCountGood: 0
			         jrmcKillCountNeut: 0
			         jrmcPwrtyp: 1
			         jrmcRace: 0
			         jrmcRelease: 0
			         jrmcSaiRg: 0
			         jrmcState: 0
			         jrmcState2: 0
			         jrmcTlmd: -1
			         jrmcUIStateReach: 0
			         jrmcUIWasInPain: 0
			         jrmcGTrnng: 0
			         DBCSagaSys: 99
			         DBCSenzu: 0
			         HavenCoreFormTP: 0
			         HavenCorePUCD: 0
			         HavenCorePUCounter: 0
			         HavenCoreTPGemCD: 0
			         HavenCoreTPGemCounter: 0
			         JDEPBSt: 0
			         Jdam5SecTmr: 6
			         JdamBaseAura: 0
			         JdamBaseCon: 10
			         JdamBaseDex: 10
			         JdamBaseEnergy: 440
			         JdamBaseMnd: 10
			         JdamBaseStr: 10
			         JdamBaseWil: 10
			         JdeTPBank: 0
			         jrmcAfGFtStFT: 0
			         jrmcAlCntr: 117
			         jrmcArcRsrv: 0
			         jrmcAuraColor: 0
			         jrmcBdy: 200
			         jrmcCncI: 10
			         jrmcCncR: 0
			         jrmcCnsI: 10
			         jrmcCnsR: 0
			         jrmcDexI: 10
			         jrmcDexR: 0
			         jrmcEnrgy: 440
			         jrmcHar4va: 0
			         jrmcIntI: 10
			         jrmcIntR: 0
			         jrmcKarma: 0
			         jrmcLastDamageDealt: 10
			         jrmcRencrnt: 0
			         jrmcReviveTmer: 0
			         jrmcSsnoc: 11258881
			         jrmcStamina: 46
			         jrmcStrI: 10
			         jrmcStrR: 0
			         jrmcTPlimit: 0
			         jrmcTPlimit2: 0
			         jrmcTpint: 0
			         jrmcUIWasInPainDuration: 0
			         jrmcWilI: 10
			         jrmcWilR: 0
			         saocAp: 0
			         saocCol: 0
			         saocExp: 0
			         saocLvl: 1
			         JRYCAge: 0.0
			         jrmcGravForce: 0.0
			         HavenCoreFormEffs: 
			         HavenCoreFormSSltX: TR0
			         HavenCoreSkls: 
			         HavenCoreStatusEffs: 
			         JRMCmissionSync:  
			         JRMCmissionSyncVers:  
			         JdamBaseHairColor: 0000a00000004000000
			         JdamBaseHairShape: 
			         availForm: none
			         baseDNS: 0000a00000004000000
			         jrmcDNS: 0000a00000004000000
			         jrmcDNSAU:  
			         jrmcDNSH: 
			         jrmcFormMasteryNonRacial: Kaioken,0
			         jrmcFormMasteryRacial_Human: Base,0
			         jrmcFuzion:  
			         jrmcInstantTransmissionTimers: 0;0
			         jrmcMajinAbsorptionData: 0,0,0+0
			         jrmcSSltX: TR0
			         jrmcSSltY: pty
			         jrmcSSltZ: pty
			         jrmcSSlts: ,
			         jrmcSettings:  
			         jrmcStatusEff:  
			         jrmcTech1:  
			         jrmcTech2:  
			         jrmcTech3:  
			         jrmcTech4:  
			         jrmcTech5:  
			         jrmcTech6:  
			         jrmcTech7:  
			         jrmcTech8:  
			         jrmcTech9:  
			         playerBoost: 0
			         tpgbfokt: done
			   HavenCoreHandler: (TagCompound)
			      DNSCreate: 0
			      DNSEvent: 0
			      DNSPhase1: 0
			      DNSPhase2: 0
			      DNSPhase3: 0
			      DNSPhase4: 0
			      Form: 0
			      PlayerID: 39ce114c-ccf6-3e41-86ce-9dea49dfeb1f
			      PlayerIP: 0
			      PlayerName: Mexicano69
			      DNSTransfer: (TagCompound)
			         HavenCoreDebugDefense: 0
			         HavenCoreFormVisibility: 1
			         HavenCoreState2: -1
			         HavenCoreTrueForm: 0
			         KiCharge: 0
			         guiRefresh: 0
			         isDivine: 0
			         isLegend: 0
			         jrmcAccept: 1
			         jrmcAlign: 67
			         jrmcAlv: 0
			         jrmcClass: 0
			         jrmcDiedTimes: 0
			         jrmcDiff: 0
			         jrmcExp: 1
			         jrmcKillCountEvil: 0
			         jrmcKillCountGood: 0
			         jrmcKillCountNeut: 0
			         jrmcPwrtyp: 1
			         jrmcRace: 0
			         jrmcRelease: 0
			         jrmcSaiRg: 0
			         jrmcState: 0
			         jrmcState2: 0
			         jrmcTlmd: -1
			         jrmcUIStateReach: 0
			         jrmcUIWasInPain: 0
			         jrmcGTrnng: 0
			         DBCSagaSys: 99
			         DBCSenzu: 0
			         HavenCoreFormTP: 0
			         HavenCorePUCD: 0
			         HavenCorePUCounter: 0
			         HavenCoreTPGemCD: 0
			         HavenCoreTPGemCounter: 0
			         JDEPBSt: 0
			         Jdam5SecTmr: 6
			         JdamBaseAura: 0
			         JdamBaseCon: 10
			         JdamBaseDex: 10
			         JdamBaseEnergy: 440
			         JdamBaseMnd: 10
			         JdamBaseStr: 10
			         JdamBaseWil: 10
			         JdeTPBank: 0
			         jrmcAfGFtStFT: 0
			         jrmcAlCntr: 117
			         jrmcArcRsrv: 0
			         jrmcAuraColor: 0
			         jrmcBdy: 200
			         jrmcCncI: 10
			         jrmcCncR: 0
			         jrmcCnsI: 10
			         jrmcCnsR: 0
			         jrmcDexI: 10
			         jrmcDexR: 0
			         jrmcEnrgy: 440
			         jrmcHar4va: 0
			         jrmcIntI: 10
			         jrmcIntR: 0
			         jrmcKarma: 0
			         jrmcLastDamageDealt: 10
			         jrmcRencrnt: 0
			         jrmcReviveTmer: 0
			         jrmcSsnoc: 11258881
			         jrmcStamina: 46
			         jrmcStrI: 10
			         jrmcStrR: 0
			         jrmcTPlimit: 0
			         jrmcTPlimit2: 0
			         jrmcTpint: 0
			         jrmcUIWasInPainDuration: 0
			         jrmcWilI: 10
			         jrmcWilR: 0
			         saocAp: 0
			         saocCol: 0
			         saocExp: 0
			         saocLvl: 1
			         JRYCAge: 0.0
			         jrmcGravForce: 0.0
			         HavenCoreFormEffs: 
			         HavenCoreFormSSltX: TR0
			         HavenCoreSkls: 
			         HavenCoreStatusEffs: 
			         JRMCmissionSync:  
			         JRMCmissionSyncVers:  
			         JdamBaseHairColor: 0000a00000004000000
			         JdamBaseHairShape: 
			         availForm: none
			         baseDNS: 0000a00000004000000
			         jrmcDNS: 0000a00000004000000
			         jrmcDNSAU:  
			         jrmcDNSH: 
			         jrmcFormMasteryNonRacial: Kaioken,0
			         jrmcFormMasteryRacial_Human: Base,0
			         jrmcFuzion:  
			         jrmcInstantTransmissionTimers: 0;0
			         jrmcMajinAbsorptionData: 0,0,0+0
			         jrmcSSltX: TR0
			         jrmcSSltY: pty
			         jrmcSSltZ: pty
			         jrmcSSlts: ,
			         jrmcSettings:  
			         jrmcStatusEff:  
			         jrmcTech1:  
			         jrmcTech2:  
			         jrmcTech3:  
			         jrmcTech4:  
			         jrmcTech5:  
			         jrmcTech6:  
			         jrmcTech7:  
			         jrmcTech8:  
			         jrmcTech9:  
			         playerBoost: 0
			         tpgbfokt: done
			   IEEPShared: (TagCompound)
			      firstTime: 1
			      hasBusoHakiActive: 0
			      hasColaBackpack: 0
			      hasHakiActive: 0
			      hasHeart: 1
			      hasKenHakiActive: 0
			      hasKiloActive: 0
			      hasShadow: 1
			      hasYamiPower: 0
			      isInAirWorld: 0
			      isInCombatMode: 1
			      isLogia: 1
			      Belly: 13
			      BellyCmd: 0
			      Cola: 100
			      Doriki: 40
			      DorikiCmd: 0
			      Extol: 0
			      ExtolCmd: 0
			      Gear: 1
			      HaoExp: 0
			      ItemBusoExp: 19
			      KenExp: 0
			      MaxCola: 100
			      PunchBusoExp: 57
			      UltraCola: 0
			      Bounty: 0
			      BountyCmd: 0
			      DamageMultiplier: 1.0
			      AkumaNoMi: hiehie
			      Crew: n/a
			      Faction: Bounty Hunter
			      FightStyle: Swordsman
			      Race: Human
			      ZoanPoint: n/a
			   JRMCEP: (TagCompound)
			      blocking: 0
			      extracode: 0;0;0f;0;0;0;0;0;0;0;0;0;
			      haircode: 
			      dbcExtraInvTag: (TagList)
			   abilities: (TagCompound)
			      flying: 0
			      instabuild: 0
			      invulnerable: 0
			      mayBuild: 1
			      mayfly: 0
			      flySpeed: 0.05
			      walkSpeed: 0.1
			   completedChallenges: (TagCompound)
			   mineminenomi_AbilityIEEP: (TagCompound)
			      devilfruits_ability_0: (TagCompound)
			         isCharging: 0
			         isOnCooldown: 0
			         isPassiveActive: 0
			         name: Ice Block : Partisan
			      devilfruits_ability_1: (TagCompound)
			         isCharging: 0
			         isOnCooldown: 0
			         isPassiveActive: 0
			         name: Ice Saber
			      devilfruits_ability_2: (TagCompound)
			         isCharging: 0
			         isOnCooldown: 0
			         isPassiveActive: 0
			         name: Ice Age
			      devilfruits_ability_3: (TagCompound)
			         isCharging: 0
			         isOnCooldown: 0
			         isPassiveActive: 0
			         name: Ice Ball
			      devilfruits_ability_4: (TagCompound)
			         isCharging: 0
			         isOnCooldown: 0
			         isPassiveActive: 0
			         name: Ice Time Capsule
			      devilfruits_ability_5: (TagCompound)
			         isCharging: 0
			         isOnCooldown: 0
			         isPassiveActive: 0
			         name: Ice Block : Pheasant
			      hotbar_ability_0: (TagCompound)
			         isCharging: 0
			         isOnCooldown: 0
			         isPassiveActive: 0
			         name: Ice Block : Partisan
			      hotbar_ability_1: (TagCompound)
			         isCharging: 0
			         isOnCooldown: 0
			         isPassiveActive: 1
			         name: Ice Saber
			      hotbar_ability_2: (TagCompound)
			         isCharging: 0
			         isOnCooldown: 0
			         isPassiveActive: 0
			         name: Ice Age
			      hotbar_ability_3: (TagCompound)
			         isCharging: 0
			         isOnCooldown: 0
			         isPassiveActive: 0
			         name: Ice Ball
			      hotbar_ability_4: (TagCompound)
			         isCharging: 0
			         isOnCooldown: 0
			         isPassiveActive: 0
			         name: Ice Time Capsule
			      hotbar_ability_5: (TagCompound)
			         isCharging: 0
			         isOnCooldown: 0
			         isPassiveActive: 0
			         name: Ice Block : Pheasant
			      racial_ability_0: (TagCompound)
			         isCharging: 0
			         isOnCooldown: 0
			         isPassiveActive: 0
			         name: Shi Shishi Sonson
			      racial_ability_1: (TagCompound)
			         isCharging: 0
			         isOnCooldown: 0
			         isPassiveActive: 0
			         name: Sanbyakurokuju Pound Ho
			      racial_ability_2: (TagCompound)
			         isCharging: 0
			         isOnCooldown: 0
			         isPassiveActive: 0
			         name: Yakkodori
			      racial_ability_3: (TagCompound)
			         isCharging: 0
			         isOnCooldown: 0
			         isPassiveActive: 0
			         name: O Tatsumaki
			   mineminenomi_QuestIEEP: (TagCompound)
			      hasPrimaryActive: 0
			   unlockedChallenges: (TagCompound)
12-02 01:02:33 [FINE] Sengaxx issued command "/nbtedit 45846"
12-02 01:03:05 [FINE] MiguelGatuno issued command "/nbtedit 1217"
12-02 01:03:06 [FINE] Sengaxx issued command "/nbtedit 45846"
12-02 01:03:46 [FINE] Sengaxx edited a tag -- Entity ID #45846
12-02 01:03:46 [FINE] 
			ROOT: (TagCompound)
			   Invulnerable: 0
			   OnGround: 1
			   Sleeping: 0
			   Air: 300
			   AttackTime: 0
			   DeathTime: 0
			   Fire: -20
			   Health: 21
			   HurtTime: 0
			   SleepTimer: 0
			   Dimension: 23
			   PortalCooldown: 0
			   Score: 148
			   SelectedItemSlot: 2
			   XpLevel: 8
			   XpTotal: 148
			   foodLevel: 20
			   foodTickTimer: 0
			   playerGameType: 0
			   prevTime: 0
			   time: 0
			   untilSunstrike: 0
			   UUIDLeast: -8071663728294653948
			   UUIDMost: -2864248953433541670
			   AbsorptionAmount: 0.0
			   FallDistance: 0.0
			   HealF: 21.0
			   XpP: 0.705882
			   foodExhaustionLevel: 2.351314
			   foodSaturationLevel: 20.0
			   Attributes: (TagList)
			      (TagCompound)
			         Base: 20.0
			         Name: generic.maxHealth
			         Modifiers: (TagList)
			            (TagCompound)
			               Operation: 1
			               UUIDLeast: -9154280717722812745
			               UUIDMost: 8140662959737344486
			               Amount: 0.05
			               Name: Speed Boost
			            (TagCompound)
			               Operation: 1
			               UUIDLeast: -4703835602308780425
			               UUIDMost: -6253919273241603610
			               Amount: 0.0
			               Name: Chakra Health Boost
			      (TagCompound)
			         Base: 0.0
			         Name: generic.knockbackResistance
			      (TagCompound)
			         Base: 0.10000000149011612
			         Name: generic.movementSpeed
			      (TagCompound)
			         Base: 1.0
			         Name: generic.attackDamage
			   EnderItems: (TagList)
			   Inventory: (TagList)
			      (TagCompound)
			         Count: 9
			         Slot: 0
			         Damage: 0
			         id: 289
			      (TagCompound)
			         Count: 1
			         Slot: 1
			         Damage: 0
			         id: 58
			      (TagCompound)
			         Count: 40
			         Slot: 2
			         Damage: 0
			         id: 357
			      (TagCompound)
			         Count: 2
			         Slot: 3
			         Damage: 0
			         id: 5482
			      (TagCompound)
			         Count: 1
			         Slot: 4
			         Damage: 111
			         id: 5516
			         tag: (TagCompound)
			            metadata: 0
			            multiplier: 1.0
			      (TagCompound)
			         Count: 1
			         Slot: 5
			         Damage: 99
			         id: 267
			      (TagCompound)
			         Count: 9
			         Slot: 6
			         Damage: 0
			         id: 4
			      (TagCompound)
			         Count: 1
			         Slot: 7
			         Damage: 12
			         id: 274
			      (TagCompound)
			         Count: 40
			         Slot: 8
			         Damage: 0
			         id: 5494
			      (TagCompound)
			         Count: 5
			         Slot: 9
			         Damage: 0
			         id: 5098
			      (TagCompound)
			         Count: 1
			         Slot: 10
			         Damage: 158
			         id: 267
			      (TagCompound)
			         Count: 1
			         Slot: 11
			         Damage: 0
			         id: 365
			      (TagCompound)
			         Count: 2
			         Slot: 12
			         Damage: 0
			         id: 288
			      (TagCompound)
			         Count: 1
			         Slot: 13
			         Damage: 0
			         id: 5094
			      (TagCompound)
			         Count: 27
			         Slot: 14
			         Damage: 0
			         id: 263
			      (TagCompound)
			         Count: 1
			         Slot: 15
			         Damage: 29
			         id: 270
			      (TagCompound)
			         Count: 1
			         Slot: 16
			         Damage: 0
			         id: 262
			      (TagCompound)
			         Count: 1
			         Slot: 17
			         Damage: 110
			         id: 267
			      (TagCompound)
			         Count: 63
			         Slot: 23
			         Damage: 0
			         id: 5
			      (TagCompound)
			         Count: 2
			         Slot: 26
			         Damage: 0
			         id: 280
			      (TagCompound)
			         Count: 1
			         Slot: 33
			         Damage: 0
			         id: 355
			      (TagCompound)
			         Count: 8
			         Slot: 35
			         Damage: 0
			         id: 3
			      (TagCompound)
			         Count: 1
			         Slot: 103
			         Damage: 50
			         id: 5497
			   Motion: (TagList)
			      0.0
			      -0.0784000015258789
			      0.0
			   Pos: (TagList)
			      51.13809495232721
			      32.0
			      57.87567464877395
			   Rotation: (TagList)
			      247.349
			      20.400002
			   Spawns: (TagList)
			      (TagCompound)
			         SpawnForced: 1
			         Dim: 22
			         SpawnX: 75
			         SpawnY: 92
			         SpawnZ: 127
			   ChakraPlayer: (TagCompound)
			      BijuuFormActive: 0
			      BijuuTransformed: 0
			      ByakuganActive: 0
			      ChakraControl: 0
			      CurseSealActive: 0
			      CurseSealTransformed: 0
			      DrunkenFist: 0
			      GotBook: 0
			      IsTransformed: 0
			      JouganActive: 0
			      KarmaSealActive: 0
			      KetsuryuganActive: 0
			      LavaChakraMode: 0
			      SageActive: 0
			      SageMode: 0
			      SharinganActive: 0
			      SixPaths: 0
			      SixPathsMode: 0
			      SixPathsSage: 0
			      SixPathsShield: 0
			      SixPathsState: 0
			      SusanoA: 0
			      SusanoTransformed: 0
			      TaijutsuMode: 0
			      TrackAll: 0
			      got1500Present: 1
			      got5000Present: 1
			      AQuests: 0
			      Affiliation: 0
			      BQuests: 0
			      BijuuCurseSealModel: 1
			      BijuuCurseSealTexture: 0
			      BijuuKind: 0
			      BijuuModel: 1
			      BijuuScale: 0
			      BijuuTexture: 0
			      BijuuTransformModel: 1
			      BijuuTransformTexture: 0
			      ByakuganSize: 0
			      Byakugou: 0
			      CQuests: 0
			      ChakraExperience: 109
			      Clan: 0
			      CurrentMana: 25
			      CurrentSenjutsu: 0
			      CurseSeal: 0
			      CurseSize: 0
			      DQuests: 0
			      DeathPossession: 0
			      EarthRelease: 0
			      EightGatesStage: 0
			      FireRelease: 0
			      Genjutsu: 0
			      Iburi: 0
			      Intelligence: 0
			      Izanagi: 0
			      Jinchuriki: 0
			      Jougan: 0
			      JutsuPoints: 3841
			      KarmaSealSize: 0
			      KarmaSealType: 0
			      KenjutsuSkills: 0
			      Ketsuryugan: 0
			      Kinjutsu: 0
			      Kurama: 0
			      Land: 0
			      Level: 892
			      LightningRelease: 0
			      ManaRegenTimer: 0
			      MaxMana: 25
			      MaxSenjutsu: 0
			      Ninjutsu: 25
			      Rank: 0
			      SQuests: 0
			      SSQuests: 0
			      SageVersion: 0
			      Senjutsu: 0
			      SenjutsuRegenTimer: 0
			      Sharingan: 0
			      Shurikenjutsu: 0
			      SixPathsOrbs: 0
			      SkillPoints: 3841
			      Storyline: 0
			      Summoning: 0
			      SusanoActive: 0
			      SusanoSize: 0
			      WaterRelease: 0
			      WindRelease: 0
			      boilRelease: 0
			      byakugan: 0
			      crystalRelease: 0
			      dustRelease: 0
			      explosionRelease: 0
			      health: 0
			      iceRelease: 0
			      lavaRelease: 0
			      magnetRelease: 0
			      mangekyouSharingan: 0
			      rinnegan: 0
			      scorchRelease: 0
			      sharinganicon: 0
			      shikotsumyaku: 0
			      steelRelease: 0
			      stormRelease: 0
			      tenseigan: 0
			      woodRelease: 0
			      yangrelease: 0
			      yinrelease: 0
			      yinyangrelease: 0
			      BijuuUnlock: 0.1
			      Kenjutsu: 1.0E8
			      SharinganSize: 0.0
			      SharinganUnlock: 0.1
			      Size: 0.0
			      Speed: 0.1
			      Taijutsu: 1.0
			   ForgeData: (TagCompound)
			      DBCdriF: 0
			      DBCdriS: 0
			      DBCdriY: 0
			      HavenCoreHandler: (TagCompound)
			         DNSCreate: 0
			         DNSEvent: 0
			         DNSPhase1: 0
			         DNSPhase2: 0
			         DNSPhase3: 0
			         DNSPhase4: 0
			         Player: Sengaxx
			         PlayerID: d84024c0-964f-33da-8ffb-b09ac8979004
			         PlayerIP: 0
			      PlayerPersisted: (TagCompound)
			         HavenCoreDebugDefense: 0
			         HavenCoreFormVisibility: 1
			         HavenCoreState2: -1
			         HavenCoreTrueForm: 0
			         KiCharge: 0
			         guiRefresh: 0
			         isDivine: 0
			         isLegend: 0
			         jrmcAccept: 1
			         jrmcAlign: 67
			         jrmcAlv: 0
			         jrmcClass: 0
			         jrmcPwrtyp: 1
			         jrmcRace: 1
			         jrmcRelease: 0
			         jrmcState: 0
			         jrmcState2: 0
			         DBCSenzu: 1
			         HavenCoreFormTP: 0
			         HavenCorePUCD: 0
			         HavenCorePUCounter: 0
			         HavenCoreTPGemCD: 0
			         HavenCoreTPGemCounter: 0
			         JDEPBSt: 0
			         Jdam5SecTmr: 50
			         JdamBaseAura: 0
			         JdamBaseCon: 10
			         JdamBaseDex: 10
			         JdamBaseEnergy: 200
			         JdamBaseMnd: 5
			         JdamBaseStr: 16
			         JdamBaseWil: 15
			         JdeTPBank: 0
			         ZenTmr: -1
			         jrmcAlCntr: 134
			         jrmcArcRsrv: 0
			         jrmcAttackLstPlyrTm: 1733101293
			         jrmcAttackTimer: 1733101334
			         jrmcAuraColor: 0
			         jrmcBdy: 153
			         jrmcCncI: 5
			         jrmcCnsI: 10
			         jrmcDexI: 10
			         jrmcDiedTimes: 1
			         jrmcEnrgy: 200
			         jrmcHar4va: 0
			         jrmcIntI: 5
			         jrmcLastDamageDealt: 1
			         jrmcLastDamageReceived: 0
			         jrmcReviveTmer: 0
			         jrmcSsnoc: 888040
			         jrmcStamina: 35
			         jrmcStrI: 16
			         jrmcTPlimit: 0
			         jrmcTPlimit2: 0
			         jrmcTpint: 67
			         jrmcUIWasInPainDuration: 0
			         jrmcWilI: 15
			         JRYCAge: 0.0
			         jrmcGravForce: 0.0
			         HavenCoreFormEffs: 
			         HavenCoreFormSSltX: TR0
			         HavenCoreSkls: 
			         HavenCoreStatusEffs: 
			         JRMCmissionSync: moviesDBC,0,0;mainNC,0,0;mainDBC,0,0;dbcDBCBroly,0,0
			         JRMCmissionSyncVers: moviesDBC,1.0,0,0,0;mainNC,0.5,0,0,0;mainDBC,1.2.4,0,0,0;dbcDBCBroly,1.0,0,0,0
			         JdamBaseHairColor: 0100c0000000410016nKR0rgre00000000000000000000100001
			         JdamBaseHairShape: 025050545050210250505450501801505045505021025050475050180147507467503248505072675043255250726750360150505667501922475071675038255050716750380152507167503202475071675032025250716750300050507167503000505047655036205250276550362250502765503620475027655036225250306550363150503065503622475030655034015250276550250147502765503000505027655036175050505050803150505050508028505050505080225050505050801750505050508022505050505080255050505050801750505050508000505050505080005050505050800050505050508000505050505080005050505050800050505050508000505050505080005050505050803154508067504931545080615028285450766150472854506561506551525080675038655250806150786052507861503451525069615050625050806950528250508061503485505078615030625050696150585149508069506157495080615080624950786150805149506961504920
			         availForm: none
			         baseDNS: 0100c0000000410016nKR0rgre00000000000000000000100001
			         jrmcAttackLstPlyrNam: 66cc7c7c-7eae-335a-93f4-30bb6e36d49c
			         jrmcDNS: 0100c0000000410016nKR0rgre00000000000000000000100001
			         jrmcDNSH: 025050545050210250505450501801505045505021025050475050180147507467503248505072675043255250726750360150505667501922475071675038255050716750380152507167503202475071675032025250716750300050507167503000505047655036205250276550362250502765503620475027655036225250306550363150503065503622475030655034015250276550250147502765503000505027655036175050505050803150505050508028505050505080225050505050801750505050508022505050505080255050505050801750505050508000505050505080005050505050800050505050508000505050505080005050505050800050505050508000505050505080005050505050803154508067504931545080615028285450766150472854506561506551525080675038655250806150786052507861503451525069615050625050806950528250508061503485505078615030625050696150585149508069506157495080615080624950786150805149506961504920
			         jrmcFormMasteryNonRacial: Kaioken,0;Mystic,0;UltraInstict,0;GodOfDestruction,0
			         jrmcFormMasteryRacial_Saiyan: Base,2.604987731900786;SS,0;SSG2,0;SSG3,0;SSFullPow,0;SS2,0;SS3,0;Oozaru,0;Golden,0;SSGod,0;SSB,0;SSGodR,0;LSS,0;LSS2,0;SS4,0;SSBE,0
			         jrmcFuzion:  
			         jrmcInstantTransmissionTimers: 0;0
			         jrmcLastAttacker: Shadow Dummy;1733101304
			         jrmcMajinAbsorptionData: 0,0,0+0
			         jrmcSSltX: TR0
			         jrmcSSltY: Sai
			         jrmcSSltZ: pty
			         jrmcSSlts: ,
			         jrmcSettings:  
			         jrmcStatusEff:  
			         jrmcTech1:  
			         jrmcTech2:  
			         jrmcTech3:  
			         jrmcTech4:  
			         playerBoost: 0
			         tpgbfokt: done
			   HavenCoreHandler: (TagCompound)
			      DNSCreate: 0
			      DNSEvent: 0
			      DNSPhase1: 0
			      DNSPhase2: 0
			      DNSPhase3: 0
			      DNSPhase4: 0
			      Form: 0
			      PlayerID: d84024c0-964f-33da-8ffb-b09ac8979004
			      PlayerIP: 0
			      PlayerName: Sengaxx
			      DNSTransfer: (TagCompound)
			         HavenCoreDebugDefense: 0
			         HavenCoreFormVisibility: 1
			         HavenCoreState2: -1
			         HavenCoreTrueForm: 0
			         KiCharge: 0
			         guiRefresh: 0
			         isDivine: 0
			         isLegend: 0
			         jrmcAccept: 1
			         jrmcAlign: 67
			         jrmcAlv: 0
			         jrmcClass: 0
			         jrmcPwrtyp: 1
			         jrmcRace: 1
			         jrmcRelease: 0
			         jrmcState: 0
			         jrmcState2: 0
			         DBCSenzu: 1
			         HavenCoreFormTP: 0
			         HavenCorePUCD: 0
			         HavenCorePUCounter: 0
			         HavenCoreTPGemCD: 0
			         HavenCoreTPGemCounter: 0
			         JDEPBSt: 0
			         Jdam5SecTmr: 50
			         JdamBaseAura: 0
			         JdamBaseCon: 10
			         JdamBaseDex: 10
			         JdamBaseEnergy: 200
			         JdamBaseMnd: 5
			         JdamBaseStr: 16
			         JdamBaseWil: 15
			         JdeTPBank: 0
			         ZenTmr: -1
			         jrmcAlCntr: 134
			         jrmcArcRsrv: 0
			         jrmcAttackLstPlyrTm: 1733101293
			         jrmcAttackTimer: 1733101334
			         jrmcAuraColor: 0
			         jrmcBdy: 153
			         jrmcCncI: 5
			         jrmcCnsI: 10
			         jrmcDexI: 10
			         jrmcDiedTimes: 1
			         jrmcEnrgy: 200
			         jrmcHar4va: 0
			         jrmcIntI: 5
			         jrmcLastDamageDealt: 1
			         jrmcLastDamageReceived: 0
			         jrmcReviveTmer: 0
			         jrmcSsnoc: 888040
			         jrmcStamina: 35
			         jrmcStrI: 16
			         jrmcTPlimit: 0
			         jrmcTPlimit2: 0
			         jrmcTpint: 67
			         jrmcUIWasInPainDuration: 0
			         jrmcWilI: 15
			         JRYCAge: 0.0
			         jrmcGravForce: 0.0
			         HavenCoreFormEffs: 
			         HavenCoreFormSSltX: TR0
			         HavenCoreSkls: 
			         HavenCoreStatusEffs: 
			         JRMCmissionSync: moviesDBC,0,0;mainNC,0,0;mainDBC,0,0;dbcDBCBroly,0,0
			         JRMCmissionSyncVers: moviesDBC,1.0,0,0,0;mainNC,0.5,0,0,0;mainDBC,1.2.4,0,0,0;dbcDBCBroly,1.0,0,0,0
			         JdamBaseHairColor: 0100c0000000410016nKR0rgre00000000000000000000100001
			         JdamBaseHairShape: 025050545050210250505450501801505045505021025050475050180147507467503248505072675043255250726750360150505667501922475071675038255050716750380152507167503202475071675032025250716750300050507167503000505047655036205250276550362250502765503620475027655036225250306550363150503065503622475030655034015250276550250147502765503000505027655036175050505050803150505050508028505050505080225050505050801750505050508022505050505080255050505050801750505050508000505050505080005050505050800050505050508000505050505080005050505050800050505050508000505050505080005050505050803154508067504931545080615028285450766150472854506561506551525080675038655250806150786052507861503451525069615050625050806950528250508061503485505078615030625050696150585149508069506157495080615080624950786150805149506961504920
			         availForm: none
			         baseDNS: 0100c0000000410016nKR0rgre00000000000000000000100001
			         jrmcAttackLstPlyrNam: 66cc7c7c-7eae-335a-93f4-30bb6e36d49c
			         jrmcDNS: 0100c0000000410016nKR0rgre00000000000000000000100001
			         jrmcDNSH: 025050545050210250505450501801505045505021025050475050180147507467503248505072675043255250726750360150505667501922475071675038255050716750380152507167503202475071675032025250716750300050507167503000505047655036205250276550362250502765503620475027655036225250306550363150503065503622475030655034015250276550250147502765503000505027655036175050505050803150505050508028505050505080225050505050801750505050508022505050505080255050505050801750505050508000505050505080005050505050800050505050508000505050505080005050505050800050505050508000505050505080005050505050803154508067504931545080615028285450766150472854506561506551525080675038655250806150786052507861503451525069615050625050806950528250508061503485505078615030625050696150585149508069506157495080615080624950786150805149506961504920
			         jrmcFormMasteryNonRacial: Kaioken,0;Mystic,0;UltraInstict,0;GodOfDestruction,0
			         jrmcFormMasteryRacial_Saiyan: Base,2.604987731900786;SS,0;SSG2,0;SSG3,0;SSFullPow,0;SS2,0;SS3,0;Oozaru,0;Golden,0;SSGod,0;SSB,0;SSGodR,0;LSS,0;LSS2,0;SS4,0;SSBE,0
			         jrmcFuzion:  
			         jrmcInstantTransmissionTimers: 0;0
			         jrmcLastAttacker: Shadow Dummy;1733101304
			         jrmcMajinAbsorptionData: 0,0,0+0
			         jrmcSSltX: TR0
			         jrmcSSltY: Sai
			         jrmcSSltZ: pty
			         jrmcSSlts: ,
			         jrmcSettings:  
			         jrmcStatusEff:  
			         jrmcTech1:  
			         jrmcTech2:  
			         jrmcTech3:  
			         jrmcTech4:  
			         playerBoost: 0
			         tpgbfokt: done
			   IEEPShared: (TagCompound)
			      firstTime: 1
			      hasBusoHakiActive: 0
			      hasColaBackpack: 0
			      hasHakiActive: 0
			      hasHeart: 1
			      hasKenHakiActive: 0
			      hasKiloActive: 0
			      hasShadow: 1
			      hasYamiPower: 0
			      isInAirWorld: 0
			      isInCombatMode: 0
			      isLogia: 0
			      Belly: 56
			      BellyCmd: 0
			      Cola: 100
			      Doriki: 70
			      DorikiCmd: 0
			      Extol: 0
			      ExtolCmd: 0
			      Gear: 1
			      HaoExp: 0
			      ItemBusoExp: 19
			      KenExp: 0
			      MaxCola: 100
			      PunchBusoExp: 37
			      UltraCola: 0
			      Bounty: 0
			      BountyCmd: 0
			      DamageMultiplier: 1.0
			      AkumaNoMi: n/a
			      Crew: n/a
			      Faction: n/a
			      FightStyle: n/a
			      Race: n/a
			      ZoanPoint: n/a
			   JRMCEP: (TagCompound)
			      blocking: 0
			      extracode: 0;0;0f;0;0;0;0;0;0;0;0;0;
			      haircode: 025050545050210250505450501801505045505021025050475050180147507467503248505072675043255250726750360150505667501922475071675038255050716750380152507167503202475071675032025250716750300050507167503000505047655036205250276550362250502765503620475027655036225250306550363150503065503622475030655034015250276550250147502765503000505027655036175050505050803150505050508028505050505080225050505050801750505050508022505050505080255050505050801750505050508000505050505080005050505050800050505050508000505050505080005050505050800050505050508000505050505080005050505050803154508067504931545080615028285450766150472854506561506551525080675038655250806150786052507861503451525069615050625050806950528250508061503485505078615030625050696150585149508069506157495080615080624950786150805149506961504920
			      dbcExtraInvTag: (TagList)
			         (TagCompound)
			            Count: 1
			            Slot: 0
			            Damage: 16
			            id: 5331
			            tag: (TagCompound)
			               DBCItemWeightStats: (TagList)
			                  (TagCompound)
			                     weight: 5.0
			   abilities: (TagCompound)
			      flying: 0
			      instabuild: 0
			      invulnerable: 0
			      mayBuild: 1
			      mayfly: 0
			      flySpeed: 0.05
			      walkSpeed: 0.1
			   completedChallenges: (TagCompound)
			   mineminenomi_AbilityIEEP: (TagCompound)
			   mineminenomi_QuestIEEP: (TagCompound)
			      hasPrimaryActive: 0
			   unlockedChallenges: (TagCompound)
12-02 01:03:58 [FINE] MiguelGatuno edited a tag -- Entity ID #1217
12-02 01:03:58 [FINE] 
			ROOT: (TagCompound)
			   Invulnerable: 0
			   OnGround: 1
			   Sleeping: 0
			   Air: 300
			   AttackTime: 0
			   DeathTime: 0
			   Fire: -20
			   Health: 21
			   HurtTime: 0
			   SleepTimer: 0
			   Dimension: 23
			   PortalCooldown: 0
			   Score: 565
			   SelectedItemSlot: 6
			   XpLevel: 25
			   XpTotal: 565
			   foodLevel: 20
			   foodTickTimer: 0
			   playerGameType: 0
			   prevTime: 0
			   time: 0
			   untilSunstrike: 0
			   UUIDLeast: -7785544274250640228
			   UUIDMost: 7407432361260757850
			   AbsorptionAmount: 0.0
			   FallDistance: 0.0
			   HealF: 21.0
			   XpP: 0.10638307
			   foodExhaustionLevel: 1.5487363
			   foodSaturationLevel: 19.0
			   Attributes: (TagList)
			      (TagCompound)
			         Base: 20.0
			         Name: generic.maxHealth
			         Modifiers: (TagList)
			            (TagCompound)
			               Operation: 1
			               UUIDLeast: -9154280717722812745
			               UUIDMost: 8140662959737344486
			               Amount: 0.05
			               Name: Speed Boost
			            (TagCompound)
			               Operation: 1
			               UUIDLeast: -4703835602308780425
			               UUIDMost: -6253919273241603610
			               Amount: 0.0
			               Name: Chakra Health Boost
			      (TagCompound)
			         Base: 0.0
			         Name: generic.knockbackResistance
			      (TagCompound)
			         Base: 0.10000000149011612
			         Name: generic.movementSpeed
			      (TagCompound)
			         Base: 1.0
			         Name: generic.attackDamage
			   EnderItems: (TagList)
			   Inventory: (TagList)
			      (TagCompound)
			         Count: 7
			         Slot: 0
			         Damage: 0
			         id: 320
			      (TagCompound)
			         Count: 6
			         Slot: 1
			         Damage: 0
			         id: 363
			      (TagCompound)
			         Count: 2
			         Slot: 2
			         Damage: 0
			         id: 352
			      (TagCompound)
			         Count: 13
			         Slot: 3
			         Damage: 0
			         id: 319
			      (TagCompound)
			         Count: 1
			         Slot: 4
			         Damage: 7
			         id: 257
			      (TagCompound)
			         Count: 1
			         Slot: 5
			         Damage: 0
			         id: 5094
			      (TagCompound)
			         Count: 1
			         Slot: 8
			         Damage: 51
			         id: 258
			      (TagCompound)
			         Count: 1
			         Slot: 9
			         Damage: 0
			         id: 15
			      (TagCompound)
			         Count: 5
			         Slot: 10
			         Damage: 0
			         id: 5098
			      (TagCompound)
			         Count: 1
			         Slot: 11
			         Damage: 0
			         id: 745
			      (TagCompound)
			         Count: 1
			         Slot: 13
			         Damage: 0
			         id: 3
			      (TagCompound)
			         Count: 26
			         Slot: 15
			         Damage: 0
			         id: 260
			      (TagCompound)
			         Count: 1
			         Slot: 16
			         Damage: 0
			         id: 265
			      (TagCompound)
			         Count: 50
			         Slot: 17
			         Damage: 0
			         id: 17
			      (TagCompound)
			         Count: 14
			         Slot: 18
			         Damage: 0
			         id: 4
			      (TagCompound)
			         Count: 3
			         Slot: 25
			         Damage: 0
			         id: 282
			      (TagCompound)
			         Count: 7
			         Slot: 27
			         Damage: 0
			         id: 400
			      (TagCompound)
			         Count: 1
			         Slot: 28
			         Damage: 0
			         id: 354
			      (TagCompound)
			         Count: 24
			         Slot: 29
			         Damage: 0
			         id: 266
			      (TagCompound)
			         Count: 8
			         Slot: 30
			         Damage: 0
			         id: 5477
			      (TagCompound)
			         Count: 7
			         Slot: 33
			         Damage: 0
			         id: 264
			      (TagCompound)
			         Count: 2
			         Slot: 34
			         Damage: 0
			         id: 364
			      (TagCompound)
			         Count: 5
			         Slot: 35
			         Damage: 0
			         id: 282
			   Motion: (TagList)
			      -0.011974360086962213
			      -0.0784000015258789
			      0.0
			   Pos: (TagList)
			      52.14966236633065
			      32.0
			      57.50113301528257
			   Rotation: (TagList)
			      -264.66815
			      13.022015
			   Spawns: (TagList)
			   ChakraPlayer: (TagCompound)
			      BijuuFormActive: 0
			      BijuuTransformed: 0
			      ByakuganActive: 0
			      ChakraControl: 0
			      CurseSealActive: 0
			      CurseSealTransformed: 0
			      DrunkenFist: 0
			      GotBook: 0
			      IsTransformed: 0
			      JouganActive: 0
			      KarmaSealActive: 0
			      KetsuryuganActive: 0
			      LavaChakraMode: 0
			      SageActive: 0
			      SageMode: 0
			      SharinganActive: 0
			      SixPaths: 0
			      SixPathsMode: 0
			      SixPathsSage: 0
			      SixPathsShield: 0
			      SixPathsState: 0
			      SusanoA: 0
			      SusanoTransformed: 0
			      TaijutsuMode: 1
			      TrackAll: 0
			      got1500Present: 1
			      got5000Present: 1
			      AQuests: 0
			      Affiliation: 0
			      BQuests: 0
			      BijuuCurseSealModel: 1
			      BijuuCurseSealTexture: 0
			      BijuuKind: 0
			      BijuuModel: 1
			      BijuuScale: 0
			      BijuuTexture: 0
			      BijuuTransformModel: 1
			      BijuuTransformTexture: 0
			      ByakuganSize: 0
			      Byakugou: 0
			      CQuests: 0
			      ChakraExperience: 2
			      Clan: 0
			      CurrentMana: 25
			      CurrentSenjutsu: 0
			      CurseSeal: 0
			      CurseSize: 0
			      DQuests: 0
			      DeathPossession: 0
			      EarthRelease: 0
			      EightGatesStage: 0
			      FireRelease: 0
			      Genjutsu: 0
			      Iburi: 0
			      Intelligence: 0
			      Izanagi: 0
			      Jinchuriki: 0
			      Jougan: 0
			      JutsuPoints: 28
			      KarmaSealSize: 0
			      KarmaSealType: 0
			      KenjutsuSkills: 0
			      Ketsuryugan: 0
			      Kinjutsu: 0
			      Kurama: 0
			      Land: 0
			      Level: 30
			      LightningRelease: 0
			      ManaRegenTimer: 0
			      MaxMana: 25
			      MaxSenjutsu: 0
			      Ninjutsu: 25
			      Rank: 0
			      SQuests: 0
			      SSQuests: 0
			      SageVersion: 0
			      Senjutsu: 0
			      SenjutsuRegenTimer: 0
			      Sharingan: 0
			      Shurikenjutsu: 0
			      SixPathsOrbs: 0
			      SkillPoints: 28
			      Storyline: 0
			      Summoning: 0
			      SusanoActive: 0
			      SusanoSize: 0
			      WaterRelease: 0
			      WindRelease: 0
			      boilRelease: 0
			      byakugan: 0
			      crystalRelease: 0
			      dustRelease: 0
			      explosionRelease: 0
			      health: 0
			      iceRelease: 0
			      lavaRelease: 0
			      magnetRelease: 0
			      mangekyouSharingan: 0
			      rinnegan: 0
			      scorchRelease: 0
			      sharinganicon: 0
			      shikotsumyaku: 0
			      steelRelease: 0
			      stormRelease: 0
			      tenseigan: 0
			      woodRelease: 0
			      yangrelease: 0
			      yinrelease: 0
			      yinyangrelease: 0
			      BijuuUnlock: 0.1
			      Kenjutsu: 100000.0
			      SharinganSize: 0.0
			      SharinganUnlock: 0.1
			      Size: 0.0
			      Speed: 0.1
			      Taijutsu: 1.0
			   ForgeData: (TagCompound)
			      DBCdriF: 1
			      DBCdriS: 6
			      DBCdriY: 0
			      HavenCoreHandler: (TagCompound)
			         DNSCreate: 0
			         DNSEvent: 0
			         DNSPhase1: 0
			         DNSPhase2: 0
			         DNSPhase3: 0
			         DNSPhase4: 0
			         Player: MiguelGatuno
			         PlayerID: 66cc7c7c-7eae-335a-93f4-30bb6e36d49c
			         PlayerIP: 0
			      LimbStatus: (TagCompound)
			         leftArm: 1
			         leftLeg: 1
			         rightArm: 1
			         rightLeg: 1
			      PlayerPersisted: (TagCompound)
			         HavenCoreDebugDefense: 0
			         HavenCoreFormVisibility: 1
			         HavenCoreState2: -1
			         HavenCoreTrueForm: 0
			         KiCharge: 0
			         guiRefresh: 0
			         isDivine: 0
			         isLegend: 0
			         jrmcAccept: 1
			         jrmcAlign: 67
			         jrmcClass: 0
			         jrmcExp: 8
			         jrmcPwrtyp: 1
			         jrmcRace: 1
			         jrmcRelease: 50
			         jrmcState: 0
			         DBCSenzu: 1
			         HavenCoreFormTP: 0
			         HavenCorePUCD: 0
			         HavenCorePUCounter: 0
			         HavenCoreTPGemCD: 0
			         HavenCoreTPGemCounter: 0
			         JDEPBSt: 0
			         Jdam5SecTmr: 52
			         JdamBaseAura: 0
			         JdamBaseCon: 12
			         JdamBaseDex: 10
			         JdamBaseEnergy: 200
			         JdamBaseMnd: 5
			         JdamBaseStr: 25
			         JdamBaseWil: 15
			         JdeTPBank: 0
			         ZenTmr: -1
			         jrmcAlCntr: 495
			         jrmcArcRsrv: 0
			         jrmcAttackLstPlyrTm: 1733101350
			         jrmcAttackTimer: 1733101375
			         jrmcAuraColor: 0
			         jrmcBdy: 239
			         jrmcCncI: 5
			         jrmcCnsI: 12
			         jrmcDexI: 10
			         jrmcEnrgy: 200
			         jrmcIntI: 5
			         jrmcLastDamageDealt: 23
			         jrmcLastDamageReceived: 1
			         jrmcSsnoc: 6881517
			         jrmcStamina: 42
			         jrmcStrI: 25
			         jrmcTPlimit: 0
			         jrmcTPlimit2: 0
			         jrmcTpint: 224
			         jrmcUIWasInPainDuration: 0
			         jrmcWilI: 15
			         JRYCAge: 0.0
			         jrmcGravForce: 0.0
			         HavenCoreFormEffs: 
			         HavenCoreFormSSltX: TR0
			         HavenCoreSkls: 
			         HavenCoreStatusEffs: 
			         JRMCmissionSync: moviesDBC,0,0;mainNC,0,0;mainDBC,0,0;dbcDBCBroly,0,0
			         JRMCmissionSyncVers: moviesDBC,1.0,0,0,0;mainNC,0.5,0,0,0;mainDBC,1.2.4,0,0,0;dbcDBCBroly,1.0,0,0,0
			         JdamBaseHairColor: 010000000000410016nKR0rgre00000000000000000000100001
			         JdamBaseHairShape: 
			         availForm: none
			         baseDNS: 010000000000410016nKR0rgre00000000000000000000100001
			         jrmcAttackLstPlyrNam: d84024c0-964f-33da-8ffb-b09ac8979004
			         jrmcDNS: 010000000000410016nKR0rgre00000000000000000000100001
			         jrmcDNSH: 
			         jrmcFormMasteryNonRacial: Kaioken,0;Mystic,0;UltraInstict,0;GodOfDestruction,0
			         jrmcFormMasteryRacial_Saiyan: Base,4.115267435651344;SS,0;SSG2,0;SSG3,0;SSFullPow,0;SS2,0;SS3,0;Oozaru,0;Golden,0;SSGod,0;SSB,0;SSGodR,0;LSS,0;LSS2,0;SS4,0;SSBE,0
			         jrmcFuzion:  
			         jrmcInstantTransmissionTimers: 0;0
			         jrmcLastAttacker: Sengaxx;1733101345
			         jrmcMajinAbsorptionData: 0,0,0+0
			         jrmcSSltX: TR0
			         jrmcSSltY: Sai
			         jrmcSSltZ: pty
			         jrmcSSlts: ,
			         jrmcSettings:  
			         jrmcStatusEff:  
			         jrmcTech1:  
			         jrmcTech2:  
			         jrmcTech3:  
			         jrmcTech4:  
			         playerBoost: 0
			         tpgbfokt: done
			   HavenCoreHandler: (TagCompound)
			      DNSCreate: 0
			      DNSEvent: 0
			      DNSPhase1: 0
			      DNSPhase2: 0
			      DNSPhase3: 0
			      DNSPhase4: 0
			      Form: 0
			      PlayerID: 66cc7c7c-7eae-335a-93f4-30bb6e36d49c
			      PlayerIP: 0
			      PlayerName: MiguelGatuno
			      DNSTransfer: (TagCompound)
			         HavenCoreDebugDefense: 0
			         HavenCoreFormVisibility: 1
			         HavenCoreState2: -1
			         HavenCoreTrueForm: 0
			         KiCharge: 0
			         guiRefresh: 0
			         isDivine: 0
			         isLegend: 0
			         jrmcAccept: 1
			         jrmcAlign: 67
			         jrmcClass: 0
			         jrmcExp: 8
			         jrmcPwrtyp: 1
			         jrmcRace: 1
			         jrmcRelease: 50
			         jrmcState: 0
			         DBCSenzu: 1
			         HavenCoreFormTP: 0
			         HavenCorePUCD: 0
			         HavenCorePUCounter: 0
			         HavenCoreTPGemCD: 0
			         HavenCoreTPGemCounter: 0
			         JDEPBSt: 0
			         Jdam5SecTmr: 52
			         JdamBaseAura: 0
			         JdamBaseCon: 12
			         JdamBaseDex: 10
			         JdamBaseEnergy: 200
			         JdamBaseMnd: 5
			         JdamBaseStr: 25
			         JdamBaseWil: 15
			         JdeTPBank: 0
			         ZenTmr: -1
			         jrmcAlCntr: 495
			         jrmcArcRsrv: 0
			         jrmcAttackLstPlyrTm: 1733101350
			         jrmcAttackTimer: 1733101375
			         jrmcAuraColor: 0
			         jrmcBdy: 239
			         jrmcCncI: 5
			         jrmcCnsI: 12
			         jrmcDexI: 10
			         jrmcEnrgy: 200
			         jrmcIntI: 5
			         jrmcLastDamageDealt: 23
			         jrmcLastDamageReceived: 1
			         jrmcSsnoc: 6881517
			         jrmcStamina: 42
			         jrmcStrI: 25
			         jrmcTPlimit: 0
			         jrmcTPlimit2: 0
			         jrmcTpint: 224
			         jrmcUIWasInPainDuration: 0
			         jrmcWilI: 15
			         JRYCAge: 0.0
			         jrmcGravForce: 0.0
			         HavenCoreFormEffs: 
			         HavenCoreFormSSltX: TR0
			         HavenCoreSkls: 
			         HavenCoreStatusEffs: 
			         JRMCmissionSync: moviesDBC,0,0;mainNC,0,0;mainDBC,0,0;dbcDBCBroly,0,0
			         JRMCmissionSyncVers: moviesDBC,1.0,0,0,0;mainNC,0.5,0,0,0;mainDBC,1.2.4,0,0,0;dbcDBCBroly,1.0,0,0,0
			         JdamBaseHairColor: 010000000000410016nKR0rgre00000000000000000000100001
			         JdamBaseHairShape: 
			         availForm: none
			         baseDNS: 010000000000410016nKR0rgre00000000000000000000100001
			         jrmcAttackLstPlyrNam: d84024c0-964f-33da-8ffb-b09ac8979004
			         jrmcDNS: 010000000000410016nKR0rgre00000000000000000000100001
			         jrmcDNSH: 
			         jrmcFormMasteryNonRacial: Kaioken,0;Mystic,0;UltraInstict,0;GodOfDestruction,0
			         jrmcFormMasteryRacial_Saiyan: Base,4.115267435651344;SS,0;SSG2,0;SSG3,0;SSFullPow,0;SS2,0;SS3,0;Oozaru,0;Golden,0;SSGod,0;SSB,0;SSGodR,0;LSS,0;LSS2,0;SS4,0;SSBE,0
			         jrmcFuzion:  
			         jrmcInstantTransmissionTimers: 0;0
			         jrmcLastAttacker: Sengaxx;1733101345
			         jrmcMajinAbsorptionData: 0,0,0+0
			         jrmcSSltX: TR0
			         jrmcSSltY: Sai
			         jrmcSSltZ: pty
			         jrmcSSlts: ,
			         jrmcSettings:  
			         jrmcStatusEff:  
			         jrmcTech1:  
			         jrmcTech2:  
			         jrmcTech3:  
			         jrmcTech4:  
			         playerBoost: 0
			         tpgbfokt: done
			   IEEPShared: (TagCompound)
			      firstTime: 1
			      hasBusoHakiActive: 0
			      hasColaBackpack: 0
			      hasHakiActive: 0
			      hasHeart: 1
			      hasKenHakiActive: 0
			      hasKiloActive: 0
			      hasShadow: 1
			      hasYamiPower: 0
			      isInAirWorld: 0
			      isInCombatMode: 0
			      isLogia: 0
			      Belly: 861
			      BellyCmd: 0
			      Cola: 100
			      Doriki: 1110
			      DorikiCmd: 0
			      Extol: 0
			      ExtolCmd: 0
			      Gear: 1
			      HaoExp: 0
			      ItemBusoExp: 101
			      KenExp: 0
			      MaxCola: 100
			      PunchBusoExp: 488
			      UltraCola: 0
			      Bounty: 0
			      BountyCmd: 0
			      DamageMultiplier: 1.0
			      AkumaNoMi: n/a
			      Crew: n/a
			      Faction: n/a
			      FightStyle: n/a
			      Race: n/a
			      ZoanPoint: n/a
			   JRMCEP: (TagCompound)
			      blocking: 0
			      extracode: 0;0;0f;0;0;0;0;0;0;0;0;0;
			      haircode: 
			      dbcExtraInvTag: (TagList)
			         (TagCompound)
			            Count: 1
			            Slot: 0
			            Damage: 13
			            id: 5328
			            tag: (TagCompound)
			               DBCItemWeightStats: (TagList)
			                  (TagCompound)
			                     weight: 5.0
			   abilities: (TagCompound)
			      flying: 0
			      instabuild: 0
			      invulnerable: 0
			      mayBuild: 1
			      mayfly: 0
			      flySpeed: 0.05
			      walkSpeed: 0.1
			   completedChallenges: (TagCompound)
			   mineminenomi_AbilityIEEP: (TagCompound)
			   mineminenomi_QuestIEEP: (TagCompound)
			      hasPrimaryActive: 0
			   unlockedChallenges: (TagCompound)
12-02 01:30:18 [FINE] Sengaxx issued command "/nbtedit 245868"
12-02 01:30:36 [FINE] Sengaxx issued command "/nbtedit 245868"
12-02 01:31:04 [FINE] Sengaxx edited a tag -- Entity ID #245868
12-02 01:31:04 [FINE] 
			ROOT: (TagCompound)
			   Invulnerable: 0
			   OnGround: 1
			   Sleeping: 0
			   Air: 300
			   AttackTime: 0
			   DeathTime: 0
			   Fire: -20
			   Health: 21
			   HurtTime: 0
			   SleepTimer: 0
			   Dimension: 0
			   PortalCooldown: 0
			   Score: 382
			   SelectedItemSlot: 6
			   XpLevel: 20
			   XpTotal: 382
			   foodLevel: 20
			   foodTickTimer: 0
			   playerGameType: 0
			   prevTime: 0
			   time: 0
			   untilSunstrike: 0
			   UUIDLeast: -8071663728294653948
			   UUIDMost: -2864248953433541670
			   AbsorptionAmount: 0.0
			   FallDistance: 0.0
			   HealF: 21.0
			   XpP: 0.37499994
			   foodExhaustionLevel: 1.5771102
			   foodSaturationLevel: 13.2
			   Attributes: (TagList)
			      (TagCompound)
			         Base: 20.0
			         Name: generic.maxHealth
			         Modifiers: (TagList)
			            (TagCompound)
			               Operation: 1
			               UUIDLeast: -9154280717722812745
			               UUIDMost: 8140662959737344486
			               Amount: 0.05
			               Name: Speed Boost
			            (TagCompound)
			               Operation: 1
			               UUIDLeast: -4703835602308780425
			               UUIDMost: -6253919273241603610
			               Amount: 0.0
			               Name: Chakra Health Boost
			      (TagCompound)
			         Base: 0.0
			         Name: generic.knockbackResistance
			      (TagCompound)
			         Base: 0.10000000149011612
			         Name: generic.movementSpeed
			      (TagCompound)
			         Base: 1.0
			         Name: generic.attackDamage
			   EnderItems: (TagList)
			   Inventory: (TagList)
			      (TagCompound)
			         Count: 11
			         Slot: 0
			         Damage: 0
			         id: 289
			      (TagCompound)
			         Count: 1
			         Slot: 1
			         Damage: 0
			         id: 58
			      (TagCompound)
			         Count: 1
			         Slot: 2
			         Damage: 0
			         id: 5115
			      (TagCompound)
			         Count: 1
			         Slot: 3
			         Damage: 359
			         id: 261
			      (TagCompound)
			         Count: 1
			         Slot: 4
			         Damage: 117
			         id: 5516
			         tag: (TagCompound)
			            metadata: 0
			            multiplier: 1.0
			      (TagCompound)
			         Count: 6
			         Slot: 5
			         Damage: 0
			         id: 364
			      (TagCompound)
			         Count: 2
			         Slot: 6
			         Damage: 0
			         id: 352
			      (TagCompound)
			         Count: 1
			         Slot: 7
			         Damage: 92
			         id: 274
			      (TagCompound)
			         Count: 40
			         Slot: 8
			         Damage: 0
			         id: 5494
			      (TagCompound)
			         Count: 1
			         Slot: 9
			         Damage: 0
			         id: 5094
			      (TagCompound)
			         Count: 4
			         Slot: 10
			         Damage: 0
			         id: 6
			      (TagCompound)
			         Count: 1
			         Slot: 11
			         Damage: 0
			         id: 295
			      (TagCompound)
			         Count: 2
			         Slot: 12
			         Damage: 0
			         id: 288
			      (TagCompound)
			         Count: 1
			         Slot: 13
			         Damage: 0
			         id: 5333
			      (TagCompound)
			         Count: 45
			         Slot: 14
			         Damage: 0
			         id: 263
			      (TagCompound)
			         Count: 1
			         Slot: 15
			         Damage: 29
			         id: 270
			      (TagCompound)
			         Count: 5
			         Slot: 16
			         Damage: 0
			         id: 262
			      (TagCompound)
			         Count: 5
			         Slot: 17
			         Damage: 0
			         id: 260
			      (TagCompound)
			         Count: 37
			         Slot: 18
			         Damage: 0
			         id: 357
			      (TagCompound)
			         Count: 64
			         Slot: 19
			         Damage: 0
			         id: 4
			      (TagCompound)
			         Count: 2
			         Slot: 20
			         Damage: 0
			         id: 281
			      (TagCompound)
			         Count: 1
			         Slot: 21
			         Damage: 7
			         id: 267
			      (TagCompound)
			         Count: 4
			         Slot: 22
			         Damage: 0
			         id: 5098
			      (TagCompound)
			         Count: 63
			         Slot: 23
			         Damage: 0
			         id: 5
			      (TagCompound)
			         Count: 1
			         Slot: 24
			         Damage: 0
			         id: 367
			      (TagCompound)
			         Count: 18
			         Slot: 25
			         Damage: 1
			         id: 263
			      (TagCompound)
			         Count: 2
			         Slot: 26
			         Damage: 0
			         id: 15
			      (TagCompound)
			         Count: 2
			         Slot: 27
			         Damage: 0
			         id: 5482
			      (TagCompound)
			         Count: 1
			         Slot: 33
			         Damage: 0
			         id: 355
			      (TagCompound)
			         Count: 1
			         Slot: 34
			         Damage: 0
			         id: 280
			      (TagCompound)
			         Count: 23
			         Slot: 35
			         Damage: 0
			         id: 3
			      (TagCompound)
			         Count: 1
			         Slot: 103
			         Damage: 80
			         id: 5497
			   Motion: (TagList)
			      0.0
			      -0.0784000015258789
			      0.0
			   Pos: (TagList)
			      112.91268490452607
			      33.0
			      177.6656194146876
			   Rotation: (TagList)
			      25.492188
			      35.4001
			   Spawns: (TagList)
			      (TagCompound)
			         SpawnForced: 1
			         Dim: 22
			         SpawnX: 75
			         SpawnY: 92
			         SpawnZ: 127
			   ChakraPlayer: (TagCompound)
			      BijuuFormActive: 0
			      BijuuTransformed: 0
			      ByakuganActive: 0
			      ChakraControl: 0
			      CurseSealActive: 0
			      CurseSealTransformed: 0
			      DrunkenFist: 0
			      GotBook: 0
			      IsTransformed: 0
			      JouganActive: 0
			      KarmaSealActive: 0
			      KetsuryuganActive: 0
			      LavaChakraMode: 0
			      SageActive: 0
			      SageMode: 0
			      SharinganActive: 0
			      SixPaths: 0
			      SixPathsMode: 0
			      SixPathsSage: 0
			      SixPathsShield: 0
			      SixPathsState: 0
			      SusanoA: 0
			      SusanoTransformed: 0
			      TaijutsuMode: 0
			      TrackAll: 0
			      got1500Present: 1
			      got5000Present: 1
			      AQuests: 0
			      Affiliation: 0
			      BQuests: 0
			      BijuuCurseSealModel: 1
			      BijuuCurseSealTexture: 0
			      BijuuKind: 0
			      BijuuModel: 1
			      BijuuScale: 0
			      BijuuTexture: 0
			      BijuuTransformModel: 1
			      BijuuTransformTexture: 0
			      ByakuganSize: 0
			      Byakugou: 0
			      CQuests: 0
			      ChakraExperience: 121
			      Clan: 0
			      CurrentMana: 25
			      CurrentSenjutsu: 0
			      CurseSeal: 0
			      CurseSize: 0
			      DQuests: 0
			      DeathPossession: 0
			      EarthRelease: 0
			      EightGatesStage: 0
			      FireRelease: 0
			      Genjutsu: 0
			      Iburi: 0
			      Intelligence: 0
			      Izanagi: 0
			      Jinchuriki: 0
			      Jougan: 0
			      JutsuPoints: 3841
			      KarmaSealSize: 0
			      KarmaSealType: 0
			      KenjutsuSkills: 0
			      Ketsuryugan: 0
			      Kinjutsu: 0
			      Kurama: 0
			      Land: 0
			      Level: 892
			      LightningRelease: 0
			      ManaRegenTimer: 0
			      MaxMana: 25
			      MaxSenjutsu: 0
			      Ninjutsu: 25
			      Rank: 0
			      SQuests: 0
			      SSQuests: 0
			      SageVersion: 0
			      Senjutsu: 0
			      SenjutsuRegenTimer: 0
			      Sharingan: 0
			      Shurikenjutsu: 100000000
			      SixPathsOrbs: 0
			      SkillPoints: 3841
			      Storyline: 0
			      Summoning: 0
			      SusanoActive: 0
			      SusanoSize: 0
			      WaterRelease: 0
			      WindRelease: 0
			      boilRelease: 0
			      byakugan: 0
			      crystalRelease: 0
			      dustRelease: 0
			      explosionRelease: 0
			      health: 0
			      iceRelease: 0
			      lavaRelease: 0
			      magnetRelease: 0
			      mangekyouSharingan: 0
			      rinnegan: 0
			      scorchRelease: 0
			      sharinganicon: 0
			      shikotsumyaku: 0
			      steelRelease: 0
			      stormRelease: 0
			      tenseigan: 0
			      woodRelease: 0
			      yangrelease: 0
			      yinrelease: 0
			      yinyangrelease: 0
			      BijuuUnlock: 0.1
			      Kenjutsu: 1.0E8
			      SharinganSize: 0.0
			      SharinganUnlock: 0.1
			      Size: 0.0
			      Speed: 0.1
			      Taijutsu: 1.0
			   ForgeData: (TagCompound)
			      DBCdriF: 0
			      DBCdriS: 0
			      DBCdriY: 0
			      HavenCoreHandler: (TagCompound)
			         DNSCreate: 0
			         DNSEvent: 0
			         DNSPhase1: 0
			         DNSPhase2: 0
			         DNSPhase3: 0
			         DNSPhase4: 0
			         Player: Sengaxx
			         PlayerID: d84024c0-964f-33da-8ffb-b09ac8979004
			         PlayerIP: 0
			      LimbStatus: (TagCompound)
			         leftArm: 0
			         leftLeg: 1
			         rightArm: 1
			         rightLeg: 1
			      PlayerPersisted: (TagCompound)
			         HavenCoreDebugDefense: 0
			         HavenCoreFormVisibility: 1
			         HavenCoreState2: -1
			         HavenCoreTrueForm: 0
			         KiCharge: 0
			         guiRefresh: 0
			         isDivine: 0
			         isLegend: 0
			         jrmcAccept: 1
			         jrmcAlign: 92
			         jrmcAlv: 0
			         jrmcClass: 0
			         jrmcExp: 4
			         jrmcPwrtyp: 1
			         jrmcRace: 1
			         jrmcRelease: 50
			         jrmcState: 0
			         jrmcState2: 0
			         DBCSenzu: 0
			         HavenCoreFormTP: 0
			         HavenCorePUCD: 0
			         HavenCorePUCounter: 0
			         HavenCoreTPGemCD: 0
			         HavenCoreTPGemCounter: 0
			         JDEPBSt: 0
			         JRMCGID: 214911
			         Jdam5SecTmr: 32
			         JdamBaseAura: 0
			         JdamBaseCon: 10
			         JdamBaseDex: 10
			         JdamBaseEnergy: 193
			         JdamBaseMnd: 5
			         JdamBaseStr: 16
			         JdamBaseWil: 15
			         JdeTPBank: 0
			         ZenTmr: -1
			         jrmcAlCntr: 402
			         jrmcArcRsrv: 0
			         jrmcAttackLstPlyrTm: 1733102815
			         jrmcAttackTimer: 1733103026
			         jrmcAuraColor: 0
			         jrmcBdy: 189
			         jrmcCncI: 5
			         jrmcCnsI: 10
			         jrmcDexI: 10
			         jrmcDiedTimes: 1
			         jrmcEnrgy: 193
			         jrmcHar4va: 0
			         jrmcIntI: 5
			         jrmcLastDamageDealt: 22
			         jrmcLastDamageReceived: 1
			         jrmcReviveTmer: 0
			         jrmcSenzuCC: 1733102531
			         jrmcSsnoc: 888040
			         jrmcStamina: 35
			         jrmcStrI: 16
			         jrmcTPlimit: 0
			         jrmcTPlimit2: 0
			         jrmcTpint: 142
			         jrmcUIWasInPainDuration: 0
			         jrmcWilI: 15
			         JRYCAge: 0.0
			         jrmcGravForce: 0.0
			         HavenCoreFormEffs: 
			         HavenCoreFormSSltX: TR0
			         HavenCoreSkls: 
			         HavenCoreStatusEffs: 
			         JRMCGLIDs: Sengaxx
			         JRMCmissionSync: moviesDBC,0,0;mainNC,0,0;mainDBC,7,0,0;dbcDBCBroly,0,0
			         JRMCmissionSyncVers: moviesDBC,1.0,0,0,0;mainNC,0.5,0,0,0;mainDBC,1.2.4,0,0,0;dbcDBCBroly,1.0,0,0,0
			         JdamBaseHairColor: 0100c0000000410016nKR0rgre00000000000000000000100001
			         JdamBaseHairShape: 025050545050210250505450501801505045505021025050475050180147507467503248505072675043255250726750360150505667501922475071675038255050716750380152507167503202475071675032025250716750300050507167503000505047655036205250276550362250502765503620475027655036225250306550363150503065503622475030655034015250276550250147502765503000505027655036175050505050803150505050508028505050505080225050505050801750505050508022505050505080255050505050801750505050508000505050505080005050505050800050505050508000505050505080005050505050800050505050508000505050505080005050505050803154508067504931545080615028285450766150472854506561506551525080675038655250806150786052507861503451525069615050625050806950528250508061503485505078615030625050696150585149508069506157495080615080624950786150805149506961504920
			         availForm: none
			         baseDNS: 0100c0000000410016nKR0rgre00000000000000000000100001
			         jrmcAttackLstPlyrNam: 66cc7c7c-7eae-335a-93f4-30bb6e36d49c
			         jrmcDNS: 0100c0000000410016nKR0rgre00000000000000000000100001
			         jrmcDNSH: 025050545050210250505450501801505045505021025050475050180147507467503248505072675043255250726750360150505667501922475071675038255050716750380152507167503202475071675032025250716750300050507167503000505047655036205250276550362250502765503620475027655036225250306550363150503065503622475030655034015250276550250147502765503000505027655036175050505050803150505050508028505050505080225050505050801750505050508022505050505080255050505050801750505050508000505050505080005050505050800050505050508000505050505080005050505050800050505050508000505050505080005050505050803154508067504931545080615028285450766150472854506561506551525080675038655250806150786052507861503451525069615050625050806950528250508061503485505078615030625050696150585149508069506157495080615080624950786150805149506961504920
			         jrmcFormMasteryNonRacial: Kaioken,0;Mystic,0;UltraInstict,0;GodOfDestruction,0
			         jrmcFormMasteryRacial_Saiyan: Base,3.65017813479288;SS,0;SSG2,0;SSG3,0;SSFullPow,0;SS2,0;SS3,0;Oozaru,0;Golden,0;SSGod,0;SSB,0;SSGodR,0;LSS,0;LSS2,0;SS4,0;SSBE,0
			         jrmcFuzion:  
			         jrmcInstantTransmissionTimers: 0;0
			         jrmcLastAttacker: Chunin;1733102996
			         jrmcMajinAbsorptionData: 0,0,0+0
			         jrmcSSltX: TR0
			         jrmcSSltY: Sai
			         jrmcSSltZ: pty
			         jrmcSSlts: ,
			         jrmcSettings:  
			         jrmcStatusEff:  
			         jrmcTech1:  
			         jrmcTech2:  
			         jrmcTech3:  
			         jrmcTech4:  
			         playerBoost: 0
			         tpgbfokt: done
			   HavenCoreHandler: (TagCompound)
			      DNSCreate: 0
			      DNSEvent: 0
			      DNSPhase1: 0
			      DNSPhase2: 0
			      DNSPhase3: 0
			      DNSPhase4: 0
			      Form: 0
			      PlayerID: d84024c0-964f-33da-8ffb-b09ac8979004
			      PlayerIP: 0
			      PlayerName: Sengaxx
			      DNSTransfer: (TagCompound)
			         HavenCoreDebugDefense: 0
			         HavenCoreFormVisibility: 1
			         HavenCoreState2: -1
			         HavenCoreTrueForm: 0
			         KiCharge: 0
			         guiRefresh: 0
			         isDivine: 0
			         isLegend: 0
			         jrmcAccept: 1
			         jrmcAlign: 92
			         jrmcAlv: 0
			         jrmcClass: 0
			         jrmcExp: 4
			         jrmcPwrtyp: 1
			         jrmcRace: 1
			         jrmcRelease: 50
			         jrmcState: 0
			         jrmcState2: 0
			         DBCSenzu: 0
			         HavenCoreFormTP: 0
			         HavenCorePUCD: 0
			         HavenCorePUCounter: 0
			         HavenCoreTPGemCD: 0
			         HavenCoreTPGemCounter: 0
			         JDEPBSt: 0
			         JRMCGID: 214911
			         Jdam5SecTmr: 32
			         JdamBaseAura: 0
			         JdamBaseCon: 10
			         JdamBaseDex: 10
			         JdamBaseEnergy: 193
			         JdamBaseMnd: 5
			         JdamBaseStr: 16
			         JdamBaseWil: 15
			         JdeTPBank: 0
			         ZenTmr: -1
			         jrmcAlCntr: 402
			         jrmcArcRsrv: 0
			         jrmcAttackLstPlyrTm: 1733102815
			         jrmcAttackTimer: 1733103026
			         jrmcAuraColor: 0
			         jrmcBdy: 189
			         jrmcCncI: 5
			         jrmcCnsI: 10
			         jrmcDexI: 10
			         jrmcDiedTimes: 1
			         jrmcEnrgy: 193
			         jrmcHar4va: 0
			         jrmcIntI: 5
			         jrmcLastDamageDealt: 22
			         jrmcLastDamageReceived: 1
			         jrmcReviveTmer: 0
			         jrmcSenzuCC: 1733102531
			         jrmcSsnoc: 888040
			         jrmcStamina: 35
			         jrmcStrI: 16
			         jrmcTPlimit: 0
			         jrmcTPlimit2: 0
			         jrmcTpint: 142
			         jrmcUIWasInPainDuration: 0
			         jrmcWilI: 15
			         JRYCAge: 0.0
			         jrmcGravForce: 0.0
			         HavenCoreFormEffs: 
			         HavenCoreFormSSltX: TR0
			         HavenCoreSkls: 
			         HavenCoreStatusEffs: 
			         JRMCGLIDs: Sengaxx
			         JRMCmissionSync: moviesDBC,0,0;mainNC,0,0;mainDBC,7,0,0;dbcDBCBroly,0,0
			         JRMCmissionSyncVers: moviesDBC,1.0,0,0,0;mainNC,0.5,0,0,0;mainDBC,1.2.4,0,0,0;dbcDBCBroly,1.0,0,0,0
			         JdamBaseHairColor: 0100c0000000410016nKR0rgre00000000000000000000100001
			         JdamBaseHairShape: 025050545050210250505450501801505045505021025050475050180147507467503248505072675043255250726750360150505667501922475071675038255050716750380152507167503202475071675032025250716750300050507167503000505047655036205250276550362250502765503620475027655036225250306550363150503065503622475030655034015250276550250147502765503000505027655036175050505050803150505050508028505050505080225050505050801750505050508022505050505080255050505050801750505050508000505050505080005050505050800050505050508000505050505080005050505050800050505050508000505050505080005050505050803154508067504931545080615028285450766150472854506561506551525080675038655250806150786052507861503451525069615050625050806950528250508061503485505078615030625050696150585149508069506157495080615080624950786150805149506961504920
			         availForm: none
			         baseDNS: 0100c0000000410016nKR0rgre00000000000000000000100001
			         jrmcAttackLstPlyrNam: 66cc7c7c-7eae-335a-93f4-30bb6e36d49c
			         jrmcDNS: 0100c0000000410016nKR0rgre00000000000000000000100001
			         jrmcDNSH: 025050545050210250505450501801505045505021025050475050180147507467503248505072675043255250726750360150505667501922475071675038255050716750380152507167503202475071675032025250716750300050507167503000505047655036205250276550362250502765503620475027655036225250306550363150503065503622475030655034015250276550250147502765503000505027655036175050505050803150505050508028505050505080225050505050801750505050508022505050505080255050505050801750505050508000505050505080005050505050800050505050508000505050505080005050505050800050505050508000505050505080005050505050803154508067504931545080615028285450766150472854506561506551525080675038655250806150786052507861503451525069615050625050806950528250508061503485505078615030625050696150585149508069506157495080615080624950786150805149506961504920
			         jrmcFormMasteryNonRacial: Kaioken,0;Mystic,0;UltraInstict,0;GodOfDestruction,0
			         jrmcFormMasteryRacial_Saiyan: Base,3.65017813479288;SS,0;SSG2,0;SSG3,0;SSFullPow,0;SS2,0;SS3,0;Oozaru,0;Golden,0;SSGod,0;SSB,0;SSGodR,0;LSS,0;LSS2,0;SS4,0;SSBE,0
			         jrmcFuzion:  
			         jrmcInstantTransmissionTimers: 0;0
			         jrmcLastAttacker: Chunin;1733102996
			         jrmcMajinAbsorptionData: 0,0,0+0
			         jrmcSSltX: TR0
			         jrmcSSltY: Sai
			         jrmcSSltZ: pty
			         jrmcSSlts: ,
			         jrmcSettings:  
			         jrmcStatusEff:  
			         jrmcTech1:  
			         jrmcTech2:  
			         jrmcTech3:  
			         jrmcTech4:  
			         playerBoost: 0
			         tpgbfokt: done
			   IEEPShared: (TagCompound)
			      firstTime: 1
			      hasBusoHakiActive: 0
			      hasColaBackpack: 0
			      hasHakiActive: 0
			      hasHeart: 1
			      hasKenHakiActive: 0
			      hasKiloActive: 0
			      hasShadow: 1
			      hasYamiPower: 0
			      isInAirWorld: 0
			      isInCombatMode: 0
			      isLogia: 0
			      Belly: 68
			      BellyCmd: 0
			      Cola: 100
			      Doriki: 110
			      DorikiCmd: 0
			      Extol: 0
			      ExtolCmd: 0
			      Gear: 1
			      HaoExp: 0
			      ItemBusoExp: 55
			      KenExp: 0
			      MaxCola: 100
			      PunchBusoExp: 69
			      UltraCola: 0
			      Bounty: 0
			      BountyCmd: 0
			      DamageMultiplier: 1.0
			      AkumaNoMi: n/a
			      Crew: n/a
			      Faction: n/a
			      FightStyle: n/a
			      Race: n/a
			      ZoanPoint: n/a
			   JRMCEP: (TagCompound)
			      blocking: 0
			      extracode: 0;0;0f;0;0;0;0;0;0;0;0;0;
			      haircode: 025050545050210250505450501801505045505021025050475050180147507467503248505072675043255250726750360150505667501922475071675038255050716750380152507167503202475071675032025250716750300050507167503000505047655036205250276550362250502765503620475027655036225250306550363150503065503622475030655034015250276550250147502765503000505027655036175050505050803150505050508028505050505080225050505050801750505050508022505050505080255050505050801750505050508000505050505080005050505050800050505050508000505050505080005050505050800050505050508000505050505080005050505050803154508067504931545080615028285450766150472854506561506551525080675038655250806150786052507861503451525069615050625050806950528250508061503485505078615030625050696150585149508069506157495080615080624950786150805149506961504920
			      dbcExtraInvTag: (TagList)
			         (TagCompound)
			            Count: 1
			            Slot: 0
			            Damage: 46
			            id: 5331
			            tag: (TagCompound)
			               DBCItemWeightStats: (TagList)
			                  (TagCompound)
			                     weight: 5.0
			   abilities: (TagCompound)
			      flying: 0
			      instabuild: 0
			      invulnerable: 0
			      mayBuild: 1
			      mayfly: 0
			      flySpeed: 0.05
			      walkSpeed: 0.1
			   completedChallenges: (TagCompound)
			   mineminenomi_AbilityIEEP: (TagCompound)
			   mineminenomi_QuestIEEP: (TagCompound)
			      hasPrimaryActive: 0
			   unlockedChallenges: (TagCompound)
