[20:51:59] [Server thread/INFO]: Starting minecraft server version 1.7.10
[20:52:19] [Server thread/INFO]: Loading properties
[20:52:19] [Server thread/INFO]: Default game type: SURVIVAL
[20:52:19] [Server thread/INFO]: Generating keypair
[20:52:20] [Server thread/INFO]: Starting Minecraft server on *:25565
[20:52:20] [Server thread/WARN]: **** SERVER IS RUNNING IN OFFLINE/INSECURE MODE!
[20:52:20] [Server thread/WARN]: The server will make no attempt to authenticate usernames. Beware.
[20:52:20] [Server thread/WARN]: While this makes the game possible to play without internet access, it also opens up the ability for hackers to connect with any username they choose.
[20:52:20] [Server thread/WARN]: To change this, set "online-mode" to "true" in the server.properties file.
[20:52:27] [Server thread/INFO]: Preparing level "world"
[20:52:28] [Server thread/INFO]: Preparing start region for level 0
[20:52:29] [Server thread/INFO]: Preparing spawn area: 35%
[20:52:30] [Server thread/INFO]: Done (2.757s)! For help, type "help" or "?"
[20:52:36] [Server thread/INFO]: MiguelGatuno[/0:0:0:0:0:0:0:1:55998] logged in with entity id 290 at (89.93362808273396, 11.0, 299.7985977828602)
[20:52:36] [Server thread/INFO]: MiguelGatuno joined the game
[20:52:41] [Server thread/WARN]: Can't keep up! Did the system time change, or is the server overloaded? Running 2679ms behind, skipping 53 tick(s)
[20:53:41] [Server thread/WARN]: Can't keep up! Did the system time change, or is the server overloaded? Running 19728ms behind, skipping 394 tick(s)
[20:54:35] [Server thread/WARN]: Can't keep up! Did the system time change, or is the server overloaded? Running 3256ms behind, skipping 65 tick(s)
[20:54:37] [Server thread/INFO]: Sengaxx[/0:0:0:0:0:0:0:1:38182] logged in with entity id 2008 at (93.7809994071722, 12.0, 295.1976869030957)
[20:54:37] [Server thread/INFO]: Sengaxx joined the game
[20:55:17] [Server thread/WARN]: Can't keep up! Did the system time change, or is the server overloaded? Running 20621ms behind, skipping 412 tick(s)
[20:57:45] [Server thread/INFO]: Mexicano69[/0:0:0:0:0:0:0:1:37004] logged in with entity id 4810 at (-140.57949472993667, 68.0, 203.29272421740924)
[20:57:45] [Server thread/INFO]: Mexicano69 joined the game
[20:57:52] [Server thread/INFO]: <Sengaxx> noway
[20:57:55] [Server thread/INFO]: [Sengaxx: Teleported Sengaxx to Mexicano69]
[20:58:04] [Server thread/INFO]: [Sengaxx: Teleported MiguelGatuno to Sengaxx]
[20:58:55] [Server thread/WARN]: Can't keep up! Did the system time change, or is the server overloaded? Running 2160ms behind, skipping 43 tick(s)
[20:59:24] [Server thread/WARN]: Can't keep up! Did the system time change, or is the server overloaded? Running 2249ms behind, skipping 44 tick(s)
[20:59:56] [Server thread/INFO]: <Mexicano69> como veo el mini map
[21:00:04] [Server thread/WARN]: Can't keep up! Did the system time change, or is the server overloaded? Running 10930ms behind, skipping 218 tick(s)
[21:00:10] [Server thread/INFO]: <Sengaxx> maldtio
[21:00:16] [Server thread/INFO]: <Sengaxx> veras mi verdadero poder
[21:01:36] [Server thread/INFO]: MiguelGatuno lost connection: TranslatableComponent{key='disconnect.timeout', args=[], siblings=[], style=Style{hasParent=false, color=null, bold=null, italic=null, underlined=null, obfuscated=null, clickEvent=null, hoverEvent=null}}
[21:01:36] [Server thread/INFO]: MiguelGatuno left the game
[21:01:36] [Server thread/INFO]: Sengaxx lost connection: TranslatableComponent{key='disconnect.timeout', args=[], siblings=[], style=Style{hasParent=false, color=null, bold=null, italic=null, underlined=null, obfuscated=null, clickEvent=null, hoverEvent=null}}
[21:01:36] [Server thread/INFO]: Sengaxx left the game
[21:01:36] [Server thread/INFO]: Mexicano69 lost connection: TranslatableComponent{key='disconnect.timeout', args=[], siblings=[], style=Style{hasParent=false, color=null, bold=null, italic=null, underlined=null, obfuscated=null, clickEvent=null, hoverEvent=null}}
[21:01:36] [Server thread/INFO]: Mexicano69 left the game
[21:01:36] [Server thread/WARN]: Can't keep up! Did the system time change, or is the server overloaded? Running 80531ms behind, skipping 1610 tick(s)
[21:01:45] [Server thread/INFO]: Mexicano69[/0:0:0:0:0:0:0:1:39704] logged in with entity id 21817 at (-114.76330390238786, 70.0, 125.67314395087524)
[21:01:45] [Server thread/INFO]: Mexicano69 joined the game
[21:01:45] [Server thread/INFO]: MiguelGatuno[/0:0:0:0:0:0:0:1:39714] logged in with entity id 21818 at (-535.6533503719644, 68.0, 789.9361171342955)
[21:01:45] [Server thread/INFO]: MiguelGatuno joined the game
[21:01:50] [Server thread/INFO]: Sengaxx[/0:0:0:0:0:0:0:1:45646] logged in with entity id 22394 at (-118.01564573244626, 70.0, 124.02026441238144)
[21:01:50] [Server thread/INFO]: Sengaxx joined the game
[21:01:58] [Server thread/WARN]: Can't keep up! Did the system time change, or is the server overloaded? Running 11122ms behind, skipping 222 tick(s)
[21:02:05] [Server thread/INFO]: Sengaxx lost connection: TranslatableComponent{key='disconnect.timeout', args=[], siblings=[], style=Style{hasParent=false, color=null, bold=null, italic=null, underlined=null, obfuscated=null, clickEvent=null, hoverEvent=null}}
[21:02:05] [Server thread/INFO]: Sengaxx left the game
[21:02:09] [Server thread/WARN]: Can't keep up! Did the system time change, or is the server overloaded? Running 4908ms behind, skipping 98 tick(s)
[21:02:52] [Server thread/INFO]: [Sengaxx: Teleported Sengaxx to Mexicano69]
[21:03:12] [Server thread/WARN]: Can't keep up! Did the system time change, or is the server overloaded? Running 2118ms behind, skipping 42 tick(s)
[21:03:15] [Server thread/INFO]: [Sengaxx: Teleported Sengaxx to Mexicano69]
[21:03:28] [Server thread/INFO]: Sengaxx lost connection: TextComponent{text='You logged in from another location', siblings=[], style=Style{hasParent=false, color=null, bold=null, italic=null, underlined=null, obfuscated=null, clickEvent=null, hoverEvent=null}}
[21:03:28] [Server thread/INFO]: Sengaxx left the game
[21:03:30] [Server thread/INFO]: Sengaxx[/0:0:0:0:0:0:0:1:59842] logged in with entity id 24512 at (-74.6140159054068, 69.0, 87.22575792140309)
[21:03:30] [Server thread/INFO]: Sengaxx joined the game
[21:03:31] [Server thread/WARN]: Can't keep up! Did the system time change, or is the server overloaded? Running 3559ms behind, skipping 71 tick(s)
[21:03:36] [Server thread/INFO]: Sengaxx fell out of the world
[21:03:46] [Server thread/WARN]: Can't keep up! Did the system time change, or is the server overloaded? Running 3539ms behind, skipping 70 tick(s)
[21:04:13] [Server thread/WARN]: Can't keep up! Did the system time change, or is the server overloaded? Running 4570ms behind, skipping 91 tick(s)
[21:05:25] [Server thread/WARN]: Can't keep up! Did the system time change, or is the server overloaded? Running 59480ms behind, skipping 1189 tick(s)
[21:05:34] [Server thread/WARN]: Can't keep up! Did the system time change, or is the server overloaded? Running 9400ms behind, skipping 188 tick(s)
[21:08:33] [Server thread/INFO]: Mexicano69 has just earned the achievement [Getting an Upgrade]
[21:08:33] [Server thread/WARN]: Can't keep up! Did the system time change, or is the server overloaded? Running 158591ms behind, skipping 3171 tick(s)
[21:08:52] [Server thread/WARN]: Can't keep up! Did the system time change, or is the server overloaded? Running 18742ms behind, skipping 374 tick(s)
[21:09:05] [Server thread/WARN]: Can't keep up! Did the system time change, or is the server overloaded? Running 12756ms behind, skipping 255 tick(s)
[21:11:13] [Server thread/INFO]: [Sengaxx: Stopping the server]
[21:11:26] [Server thread/INFO]: Stopping server
[21:11:26] [Server thread/INFO]: Saving players
[21:11:26] [Server thread/INFO]: Saving worlds
[21:11:26] [Server thread/INFO]: Saving chunks for level 'world'/Overworld
[21:11:26] [Server thread/INFO]: Saving chunks for level 'world'/Nether
[21:11:26] [Server thread/INFO]: Saving chunks for level 'world'/The End
[21:11:26] [Server thread/INFO]: Saving chunks for level 'world'/OtherWorld
[21:11:26] [Server thread/INFO]: Saving chunks for level 'world'/Vegeta
[21:11:26] [Server thread/INFO]: Saving chunks for level 'world'/Namek
[21:11:26] [Server thread/INFO]: Saving chunks for level 'world'/scenarioarena
[21:11:26] [Server thread/INFO]: Saving chunks for level 'world'/Null Realm
[21:11:26] [Server thread/INFO]: Saving chunks for level 'world'/TimeChamber
